c:\Users\husain.burhanpurwala\Downloads\auth-microservice\backend\cart_service>cd /d "c:\Users\husain.burhanpurwala\Downloads\auth-microservice\backend\cart_service" && python -c "from app.main import app; import uvicorn; uvicorn.run(app, host='0.0.0.0', port=8003, log_level='debug')"
‚úÖ Firebase Admin SDK initialized successfully with environment credentials
INFO:     Started server process [25976]
INFO:     Waiting for application startup.
INFO:     Application startup complete.
INFO:     Uvicorn running on http://0.0.0.0:8003 (Press CTRL+C to quit)
üåê GET http://localhost:8003/api/v1/cart
üìã Headers: {'host': 'localhost:8003', 'connection': 'keep-alive', 'sec-ch-ua-platform': 
'"Android"', 'user-agent': 'Mozilla/5.0 (Linux; Android 6.0; Nexus 5 Build/MRA58N) AppleWebKit/537.36 (KHTML, like Gecko) Chrome/140.0.0.0 Mobile Safari/537.36', 'accept': 'application/json, text/plain, */*', 'sec-ch-ua': '"Chromium";v="140", "Not=A?Brand";v="24", "Google Chrome";v="140"', 'sec-ch-ua-mobile': '?1', 'origin': 'http://localhost:3000', 'sec-fetch-site': 'same-site', 'sec-fetch-mode': 'cors', 'sec-fetch-dest': 'empty', 'referer': 'http://localhost:3000/', 'accept-encoding': 'gzip, deflate, br, zstd', 'accept-language': 'en-US,en;q=0.9', 'cookie': '__next_hmr_refresh_hash__=54ae87036deac42865c08a0b8b59e3ac633457081244afec; auth_session=eyJhbGciOiJSUzI1NiIsImtpZCI6ImtJTVNPdyJ9.eyJpc3MiOiJodHRwczovL3Nlc3Npb24uZmlyZWJhc2UuZ29vZ2xlLmNvbS9ncm9mYXN0LWQwZTEyIiwibmFtZSI6IkhpZ2giLCJwaWN0dXJlIjoiaHR0cHM6Ly9saDMuZ29vZ2xldXNlcmNvbnRlbnQuY29tL2EvQUNnOG9jS2h3bEs3dDFLbWRQVzBEd3NhT0dKMVEyVDRIN0xQMDg4bXE4d0RrRTdnTG5iQ2dRXHUwMDNkczk2LWMiLCJhdWQiOiJncm9mYXN0LWQwZTEyIiwiYXV0aF90aW1lIjoxNzU4OTA5ODQ2LCJ1c2VyX2lkIjoiRTRsM0RDOExiZ2NEMlJFRjFOS1Q3UUlDMGlmMSIsInN1YiI6IkU0bDNEQzhMYmdjRDJSRUYxTktUN1FJQzBpZjEiLCJpYXQiOjE3NTg5MDk4NDgsImV4cCI6MTc1OTM0MTg0OCwiZW1haWwiOiJoaWdoMTU5MTVAZ21haWwuY29tIiwiZW1haWxfdmVyaWZpZWQiOnRydWUsImZpcmViYXNlIjp7ImlkZW50aXRpZXMiOnsiZ29vZ2xlLmNvbSI6WyIxMTU5MTU2NjE0MzY2NDE5MTE1MTYiXSwiZW1haWwiOlsiaGlnaDE1OTE1QGdtYWlsLmNvbSJdfSwic2lnbl9pbl9wcm92aWRlciI6Imdvb2dsZS5jb20ifX0.eJZv-bZgk3EwloNYMmlHDCBmdtNKgnIWc0P2Dwl-rg1HkiJpBbemt6OhwqmPdQqzI7uO9tyoFKTfQd-MLKENYTX32osS23EHTpDE1EJf83jnWPLRP0pabQm2UkmtQQrAJzDvw6soXljhia3JoN-IhlJoEW2mvLMP1Z1npBBNy6A7FHA-dy_I82Wu5bYNQzkIuXEqKeJsl6BV2S7SVEajyShfTFYhjYZnDNvIp10Boy2kpuRaUeK4zGJXikOAVRjzXRfimfyolHIwoJG52hrigaY13XFGlfB_EtnpKnAW9m2DbiJv171GY69oIb_qO5ihkAFu0B4wlCuyNVoqwWxE4w'}
üç™ Session cookie received: eyJhbGciOiJSUzI1NiIsImtpZCI6ImtJTVNPdyJ9.eyJpc3MiOiJodHRwczovL3Nlc3Npb24uZmlyZWJhc2UuZ29vZ2xlLmNvbS9ncm9mYXN0LWQwZTEyIiwibmFtZSI6IkhpZ2giLCJwaWN0dXJlIjoiaHR0cHM6Ly9saDMuZ29vZ2xldXNlcmNvbnRlbnQuY29tL2EvQUNnOG9jS2h3bEs3dDFLbWRQVzBEd3NhT0dKMVEyVDRIN0xQMDg4bXE4d0RrRTdnTG5iQ2dRXHUwMDNkczk2LWMiLCJhdWQiOiJncm9mYXN0LWQwZTEyIiwiYXV0aF90aW1lIjoxNzU4OTA5ODQ2LCJ1c2VyX2lkIjoiRTRsM0RDOExiZ2NEMlJFRjFOS1Q3UUlDMGlmMSIsInN1YiI6IkU0bDNEQzhMYmdjRDJSRUYxTktUN1FJQzBpZjEiLCJpYXQiOjE3NTg5MDk4NDgsImV4cCI6MTc1OTM0MTg0OCwiZW1haWwiOiJoaWdoMTU5MTVAZ21haWwuY29tIiwiZW1haWxfdmVyaWZpZWQiOnRydWUsImZpcmViYXNlIjp7ImlkZW50aXRpZXMiOnsiZ29vZ2xlLmNvbSI6WyIxMTU5MTU2NjE0MzY2NDE5MTE1MTYiXSwiZW1haWwiOlsiaGlnaDE1OTE1QGdtYWlsLmNvbSJdfSwic2lnbl9pbl9wcm92aWRlciI6Imdvb2dsZS5jb20ifX0.eJZv-bZgk3EwloNYMmlHDCBmdtNKgnIWc0P2Dwl-rg1HkiJpBbemt6OhwqmPdQqzI7uO9tyoFKTfQd-MLKENYTX32osS23EHTpDE1EJf83jnWPLRP0pabQm2UkmtQQrAJzDvw6soXljhia3JoN-IhlJoEW2mvLMP1Z1npBBNy6A7FHA-dy_I82Wu5bYNQzkIuXEqKeJsl6BV2S7SVEajyShfTFYhjYZnDNvIp10Boy2kpuRaUeK4zGJXikOAVRjzXRfimfyolHIwoJG52hrigaY13XFGlfB_EtnpKnAW9m2DbiJv171GY69oIb_qO5ihkAFu0B4wlCuyNVoqwWxE4w
‚úÖ Firebase session cookie decoded successfully: {'iss': 'https://session.firebase.google.
com/grofast-d0e12', 'name': 'High', 'picture': 'https://lh3.googleusercontent.com/a/ACg8ocKhwlK7t1KmdPW0DwsaOGJ1Q2T4H7LP088mq8wDkE7gLnbCgQ=s96-c', 'aud': 'grofast-d0e12', 'auth_time': 1758909846, 'user_id': 'E4l3DC8LbgcD2REF1NKT7QIC0if1', 'sub': 'E4l3DC8LbgcD2REF1NKT7QIC0if1', 'iat': 1758909848, 'exp': 1759341848, 'email': 'high15915@gmail.com', 'email_verified': True, 'firebase': {'identities': {'google.com': ['115915661436641911516'], 'email': ['high15915@gmail.com']}, 'sign_in_provider': 'google.com'}, 'uid': 'E4l3DC8LbgcD2REF1NKT7QIC0if1'}
üë§ User ID extracted from session: E4l3DC8LbgcD2REF1NKT7QIC0if1
üåê GET http://localhost:8003/api/v1/wishlist
üìã Headers: {'host': 'localhost:8003', 'connection': 'keep-alive', 'sec-ch-ua-platform': 
'"Android"', 'user-agent': 'Mozilla/5.0 (Linux; Android 6.0; Nexus 5 Build/MRA58N) AppleWebKit/537.36 (KHTML, like Gecko) Chrome/140.0.0.0 Mobile Safari/537.36', 'accept': 'application/json, text/plain, */*', 'sec-ch-ua': '"Chromium";v="140", "Not=A?Brand";v="24", "Google Chrome";v="140"', 'sec-ch-ua-mobile': '?1', 'origin': 'http://localhost:3000', 'sec-fetch-site': 'same-site', 'sec-fetch-mode': 'cors', 'sec-fetch-dest': 'empty', 'referer': 'http://localhost:3000/', 'accept-encoding': 'gzip, deflate, br, zstd', 'accept-language': 'en-US,en;q=0.9', 'cookie': '__next_hmr_refresh_hash__=54ae87036deac42865c08a0b8b59e3ac633457081244afec; auth_session=eyJhbGciOiJSUzI1NiIsImtpZCI6ImtJTVNPdyJ9.eyJpc3MiOiJodHRwczovL3Nlc3Npb24uZmlyZWJhc2UuZ29vZ2xlLmNvbS9ncm9mYXN0LWQwZTEyIiwibmFtZSI6IkhpZ2giLCJwaWN0dXJlIjoiaHR0cHM6Ly9saDMuZ29vZ2xldXNlcmNvbnRlbnQuY29tL2EvQUNnOG9jS2h3bEs3dDFLbWRQVzBEd3NhT0dKMVEyVDRIN0xQMDg4bXE4d0RrRTdnTG5iQ2dRXHUwMDNkczk2LWMiLCJhdWQiOiJncm9mYXN0LWQwZTEyIiwiYXV0aF90aW1lIjoxNzU4OTA5ODQ2LCJ1c2VyX2lkIjoiRTRsM0RDOExiZ2NEMlJFRjFOS1Q3UUlDMGlmMSIsInN1YiI6IkU0bDNEQzhMYmdjRDJSRUYxTktUN1FJQzBpZjEiLCJpYXQiOjE3NTg5MDk4NDgsImV4cCI6MTc1OTM0MTg0OCwiZW1haWwiOiJoaWdoMTU5MTVAZ21haWwuY29tIiwiZW1haWxfdmVyaWZpZWQiOnRydWUsImZpcmViYXNlIjp7ImlkZW50aXRpZXMiOnsiZ29vZ2xlLmNvbSI6WyIxMTU5MTU2NjE0MzY2NDE5MTE1MTYiXSwiZW1haWwiOlsiaGlnaDE1OTE1QGdtYWlsLmNvbSJdfSwic2lnbl9pbl9wcm92aWRlciI6Imdvb2dsZS5jb20ifX0.eJZv-bZgk3EwloNYMmlHDCBmdtNKgnIWc0P2Dwl-rg1HkiJpBbemt6OhwqmPdQqzI7uO9tyoFKTfQd-MLKENYTX32osS23EHTpDE1EJf83jnWPLRP0pabQm2UkmtQQrAJzDvw6soXljhia3JoN-IhlJoEW2mvLMP1Z1npBBNy6A7FHA-dy_I82Wu5bYNQzkIuXEqKeJsl6BV2S7SVEajyShfTFYhjYZnDNvIp10Boy2kpuRaUeK4zGJXikOAVRjzXRfimfyolHIwoJG52hrigaY13XFGlfB_EtnpKnAW9m2DbiJv171GY69oIb_qO5ihkAFu0B4wlCuyNVoqwWxE4w'}
üç™ Session cookie received: eyJhbGciOiJSUzI1NiIsImtpZCI6ImtJTVNPdyJ9.eyJpc3MiOiJodHRwczovL3Nlc3Npb24uZmlyZWJhc2UuZ29vZ2xlLmNvbS9ncm9mYXN0LWQwZTEyIiwibmFtZSI6IkhpZ2giLCJwaWN0dXJlIjoiaHR0cHM6Ly9saDMuZ29vZ2xldXNlcmNvbnRlbnQuY29tL2EvQUNnOG9jS2h3bEs3dDFLbWRQVzBEd3NhT0dKMVEyVDRIN0xQMDg4bXE4d0RrRTdnTG5iQ2dRXHUwMDNkczk2LWMiLCJhdWQiOiJncm9mYXN0LWQwZTEyIiwiYXV0aF90aW1lIjoxNzU4OTA5ODQ2LCJ1c2VyX2lkIjoiRTRsM0RDOExiZ2NEMlJFRjFOS1Q3UUlDMGlmMSIsInN1YiI6IkU0bDNEQzhMYmdjRDJSRUYxTktUN1FJQzBpZjEiLCJpYXQiOjE3NTg5MDk4NDgsImV4cCI6MTc1OTM0MTg0OCwiZW1haWwiOiJoaWdoMTU5MTVAZ21haWwuY29tIiwiZW1haWxfdmVyaWZpZWQiOnRydWUsImZpcmViYXNlIjp7ImlkZW50aXRpZXMiOnsiZ29vZ2xlLmNvbSI6WyIxMTU5MTU2NjE0MzY2NDE5MTE1MTYiXSwiZW1haWwiOlsiaGlnaDE1OTE1QGdtYWlsLmNvbSJdfSwic2lnbl9pbl9wcm92aWRlciI6Imdvb2dsZS5jb20ifX0.eJZv-bZgk3EwloNYMmlHDCBmdtNKgnIWc0P2Dwl-rg1HkiJpBbemt6OhwqmPdQqzI7uO9tyoFKTfQd-MLKENYTX32osS23EHTpDE1EJf83jnWPLRP0pabQm2UkmtQQrAJzDvw6soXljhia3JoN-IhlJoEW2mvLMP1Z1npBBNy6A7FHA-dy_I82Wu5bYNQzkIuXEqKeJsl6BV2S7SVEajyShfTFYhjYZnDNvIp10Boy2kpuRaUeK4zGJXikOAVRjzXRfimfyolHIwoJG52hrigaY13XFGlfB_EtnpKnAW9m2DbiJv171GY69oIb_qO5ihkAFu0B4wlCuyNVoqwWxE4w
‚úÖ Firebase session cookie decoded successfully: {'iss': 'https://session.firebase.google.
com/grofast-d0e12', 'name': 'High', 'picture': 'https://lh3.googleusercontent.com/a/ACg8ocKhwlK7t1KmdPW0DwsaOGJ1Q2T4H7LP088mq8wDkE7gLnbCgQ=s96-c', 'aud': 'grofast-d0e12', 'auth_time': 1758909846, 'user_id': 'E4l3DC8LbgcD2REF1NKT7QIC0if1', 'sub': 'E4l3DC8LbgcD2REF1NKT7QIC0if1', 'iat': 1758909848, 'exp': 1759341848, 'email': 'high15915@gmail.com', 'email_verified': True, 'firebase': {'identities': {'google.com': ['115915661436641911516'], 'email': ['high15915@gmail.com']}, 'sign_in_provider': 'google.com'}, 'uid': 'E4l3DC8LbgcD2REF1NKT7QIC0if1'}
üë§ User ID extracted from session: E4l3DC8LbgcD2REF1NKT7QIC0if1
2025-09-27 01:15:59,342 INFO sqlalchemy.engine.Engine select pg_catalog.version()
2025-09-27 01:15:59,343 INFO sqlalchemy.engine.Engine [raw sql] ()
2025-09-27 01:15:59,347 INFO sqlalchemy.engine.Engine select current_schema()
2025-09-27 01:15:59,347 INFO sqlalchemy.engine.Engine [raw sql] ()
2025-09-27 01:15:59,349 INFO sqlalchemy.engine.Engine show standard_conforming_strings   
2025-09-27 01:15:59,350 INFO sqlalchemy.engine.Engine [raw sql] ()
2025-09-27 01:15:59,352 INFO sqlalchemy.engine.Engine BEGIN (implicit)
2025-09-27 01:15:59,373 INFO sqlalchemy.engine.Engine SELECT carts.user_id, carts.id, carts.created_at, carts.updated_at
FROM carts
WHERE carts.user_id = $1::VARCHAR
2025-09-27 01:15:59,375 INFO sqlalchemy.engine.Engine [generated in 0.00095s] ('E4l3DC8LbgcD2REF1NKT7QIC0if1',)
2025-09-27 01:15:59,394 INFO sqlalchemy.engine.Engine ROLLBACK
INFO:     127.0.0.1:51121 - "GET /api/v1/cart HTTP/1.1" 500 Internal Server Error
ERROR:    Exception in ASGI application
Traceback (most recent call last):
  File "C:\Users\husain.burhanpurwala\AppData\Local\Programs\Python\Python310\lib\site-packages\anyio\streams\memory.py", line 98, in receive
    return self.receive_nowait()
  File "C:\Users\husain.burhanpurwala\AppData\Local\Programs\Python\Python310\lib\site-packages\anyio\streams\memory.py", line 93, in receive_nowait
    raise WouldBlock
anyio.WouldBlock

During handling of the above exception, another exception occurred:

Traceback (most recent call last):
  File "C:\Users\husain.burhanpurwala\AppData\Local\Programs\Python\Python310\lib\site-packages\starlette\middleware\base.py", line 78, in call_next
    message = await recv_stream.receive()
  File "C:\Users\husain.burhanpurwala\AppData\Local\Programs\Python\Python310\lib\site-packages\anyio\streams\memory.py", line 118, in receive
    raise EndOfStream
anyio.EndOfStream

During handling of the above exception, another exception occurred:

Traceback (most recent call last):
  File "C:\Users\husain.burhanpurwala\AppData\Local\Programs\Python\Python310\lib\site-packages\uvicorn\protocols\http\httptools_impl.py", line 426, in run_asgi
    result = await app(  # type: ignore[func-returns-value]
  File "C:\Users\husain.burhanpurwala\AppData\Local\Programs\Python\Python310\lib\site-packages\uvicorn\middleware\proxy_headers.py", line 84, in __call__
    return await self.app(scope, receive, send)
  File "C:\Users\husain.burhanpurwala\AppData\Local\Programs\Python\Python310\lib\site-packages\fastapi\applications.py", line 1106, in __call__
    await super().__call__(scope, receive, send)
  File "C:\Users\husain.burhanpurwala\AppData\Local\Programs\Python\Python310\lib\site-packages\starlette\applications.py", line 122, in __call__
    await self.middleware_stack(scope, receive, send)
  File "C:\Users\husain.burhanpurwala\AppData\Local\Programs\Python\Python310\lib\site-packages\starlette\middleware\errors.py", line 184, in __call__
    raise exc
  File "C:\Users\husain.burhanpurwala\AppData\Local\Programs\Python\Python310\lib\site-packages\starlette\middleware\errors.py", line 162, in __call__
    await self.app(scope, receive, _send)
  File "C:\Users\husain.burhanpurwala\AppData\Local\Programs\Python\Python310\lib\site-packages\starlette\middleware\cors.py", line 91, in __call__
    await self.simple_response(scope, receive, send, request_headers=headers)
  File "C:\Users\husain.burhanpurwala\AppData\Local\Programs\Python\Python310\lib\site-packages\starlette\middleware\cors.py", line 146, in simple_response
    await self.app(scope, receive, send)
  File "C:\Users\husain.burhanpurwala\AppData\Local\Programs\Python\Python310\lib\site-packages\starlette\middleware\base.py", line 108, in __call__
    response = await self.dispatch_func(request, call_next)
  File "c:\Users\husain.burhanpurwala\Downloads\auth-microservice\backend\cart_service\app\main.py", line 37, in log_requests
    response = await call_next(request)
  File "C:\Users\husain.burhanpurwala\AppData\Local\Programs\Python\Python310\lib\site-packages\starlette\middleware\base.py", line 84, in call_next
    raise app_exc
  File "C:\Users\husain.burhanpurwala\AppData\Local\Programs\Python\Python310\lib\site-packages\starlette\middleware\base.py", line 70, in coro
    await self.app(scope, receive_or_disconnect, send_no_error)
  File "C:\Users\husain.burhanpurwala\AppData\Local\Programs\Python\Python310\lib\site-packages\starlette\middleware\exceptions.py", line 79, in __call__
    raise exc
  File "C:\Users\husain.burhanpurwala\AppData\Local\Programs\Python\Python310\lib\site-packages\starlette\middleware\exceptions.py", line 68, in __call__
    await self.app(scope, receive, sender)
  File "C:\Users\husain.burhanpurwala\AppData\Local\Programs\Python\Python310\lib\site-packages\fastapi\middleware\asyncexitstack.py", line 20, in __call__
    raise e
  File "C:\Users\husain.burhanpurwala\AppData\Local\Programs\Python\Python310\lib\site-packages\fastapi\middleware\asyncexitstack.py", line 17, in __call__
    await self.app(scope, receive, send)
  File "C:\Users\husain.burhanpurwala\AppData\Local\Programs\Python\Python310\lib\site-packages\starlette\routing.py", line 718, in __call__
    await route.handle(scope, receive, send)
  File "C:\Users\husain.burhanpurwala\AppData\Local\Programs\Python\Python310\lib\site-packages\starlette\routing.py", line 276, in handle
    await self.app(scope, receive, send)
  File "C:\Users\husain.burhanpurwala\AppData\Local\Programs\Python\Python310\lib\site-packages\starlette\routing.py", line 66, in app
    response = await func(request)
  File "C:\Users\husain.burhanpurwala\AppData\Local\Programs\Python\Python310\lib\site-packages\fastapi\routing.py", line 274, in app
    raw_response = await run_endpoint_function(
  File "C:\Users\husain.burhanpurwala\AppData\Local\Programs\Python\Python310\lib\site-packages\fastapi\routing.py", line 191, in run_endpoint_function
    return await dependant.call(**values)
  File "c:\Users\husain.burhanpurwala\Downloads\auth-microservice\backend\cart_service\app\routes\cart.py", line 48, in get_cart
    cart = await cart_service.get_cart_with_items(user_id)
  File "c:\Users\husain.burhanpurwala\Downloads\auth-microservice\backend\cart_service\app\services\cart_service.py", line 85, in get_cart_with_items
    cart = await self.get_or_create_cart(user_id)
  File "c:\Users\husain.burhanpurwala\Downloads\auth-microservice\backend\cart_service\app\services\cart_service.py", line 47, in get_or_create_cart
    await self.db.commit()
  File "C:\Users\husain.burhanpurwala\AppData\Local\Programs\Python\Python310\lib\site-packages\sqlalchemy\ext\asyncio\session.py", line 1009, in commit
    await greenlet_spawn(self.sync_session.commit)
  File "C:\Users\husain.burhanpurwala\AppData\Local\Programs\Python\Python310\lib\site-packages\sqlalchemy\util\_concurrency_py3k.py", line 203, in greenlet_spawn
    result = context.switch(value)
  File "C:\Users\husain.burhanpurwala\AppData\Local\Programs\Python\Python310\lib\site-packages\sqlalchemy\orm\session.py", line 2028, in commit
    trans.commit(_to_root=True)
  File "<string>", line 2, in commit
  File "C:\Users\husain.burhanpurwala\AppData\Local\Programs\Python\Python310\lib\site-packages\sqlalchemy\orm\state_changes.py", line 139, in _go
    ret_value = fn(self, *arg, **kw)
  File "C:\Users\husain.burhanpurwala\AppData\Local\Programs\Python\Python310\lib\site-packages\sqlalchemy\orm\session.py", line 1313, in commit
    self._prepare_impl()
  File "<string>", line 2, in _prepare_impl
  File "C:\Users\husain.burhanpurwala\AppData\Local\Programs\Python\Python310\lib\site-packages\sqlalchemy\orm\state_changes.py", line 139, in _go
    ret_value = fn(self, *arg, **kw)
  File "C:\Users\husain.burhanpurwala\AppData\Local\Programs\Python\Python310\lib\site-packages\sqlalchemy\orm\session.py", line 1288, in _prepare_impl
    self.session.flush()
  File "C:\Users\husain.burhanpurwala\AppData\Local\Programs\Python\Python310\lib\site-packages\sqlalchemy\orm\session.py", line 4352, in flush
    self._flush(objects)
  File "C:\Users\husain.burhanpurwala\AppData\Local\Programs\Python\Python310\lib\site-packages\sqlalchemy\orm\session.py", line 4487, in _flush
    with util.safe_reraise():
  File "C:\Users\husain.burhanpurwala\AppData\Local\Programs\Python\Python310\lib\site-packages\sqlalchemy\util\langhelpers.py", line 146, in __exit__
    raise exc_value.with_traceback(exc_tb)
  File "C:\Users\husain.burhanpurwala\AppData\Local\Programs\Python\Python310\lib\site-packages\sqlalchemy\orm\session.py", line 4448, in _flush
    flush_context.execute()
  File "C:\Users\husain.burhanpurwala\AppData\Local\Programs\Python\Python310\lib\site-packages\sqlalchemy\orm\unitofwork.py", line 466, in execute
    rec.execute(self)
  File "C:\Users\husain.burhanpurwala\AppData\Local\Programs\Python\Python310\lib\site-packages\sqlalchemy\orm\unitofwork.py", line 642, in execute
    util.preloaded.orm_persistence.save_obj(
  File "C:\Users\husain.burhanpurwala\AppData\Local\Programs\Python\Python310\lib\site-packages\sqlalchemy\orm\persistence.py", line 76, in save_obj
    for table, mapper in base_mapper._sorted_tables.items():
  File "C:\Users\husain.burhanpurwala\AppData\Local\Programs\Python\Python310\lib\site-packages\sqlalchemy\util\langhelpers.py", line 1253, in __get__
    obj.__dict__[self.__name__] = result = self.fget(obj)
  File "C:\Users\husain.burhanpurwala\AppData\Local\Programs\Python\Python310\lib\site-packages\sqlalchemy\orm\mapper.py", line 4061, in _sorted_tables
    sorted_ = sql_util.sort_tables(
  File "C:\Users\husain.burhanpurwala\AppData\Local\Programs\Python\Python310\lib\site-packages\sqlalchemy\sql\ddl.py", line 1252, in sort_tables
    for (t, fkcs) in sort_tables_and_constraints(
  File "C:\Users\husain.burhanpurwala\AppData\Local\Programs\Python\Python310\lib\site-packages\sqlalchemy\sql\ddl.py", line 1322, in sort_tables_and_constraints
    filtered = filter_fn(fkc)
  File "C:\Users\husain.burhanpurwala\AppData\Local\Programs\Python\Python310\lib\site-packages\sqlalchemy\sql\ddl.py", line 1242, in _skip_fn
    if fixed_skip_fn(fk):
  File "C:\Users\husain.burhanpurwala\AppData\Local\Programs\Python\Python310\lib\site-packages\sqlalchemy\orm\mapper.py", line 4044, in skip
    dep = table_to_mapper.get(fk.column.table)
  File "C:\Users\husain.burhanpurwala\AppData\Local\Programs\Python\Python310\lib\site-packages\sqlalchemy\util\langhelpers.py", line 1141, in __get__
    obj.__dict__[self.__name__] = result = self.fget(obj)
  File "C:\Users\husain.burhanpurwala\AppData\Local\Programs\Python\Python310\lib\site-packages\sqlalchemy\sql\schema.py", line 3170, in column
    return self._resolve_column()
  File "C:\Users\husain.burhanpurwala\AppData\Local\Programs\Python\Python310\lib\site-packages\sqlalchemy\sql\schema.py", line 3193, in _resolve_column
    raise exc.NoReferencedTableError(
sqlalchemy.exc.NoReferencedTableError: Foreign key associated with column 'carts.user_id' could not find table 'users' with which to generate a foreign key to target column 'uid'2025-09-27 01:15:59,460 INFO sqlalchemy.engine.Engine BEGIN (implicit)
2025-09-27 01:15:59,462 INFO sqlalchemy.engine.Engine SELECT wishlists.user_id, wishlists.id, wishlists.created_at, wishlists.updated_at
FROM wishlists
WHERE wishlists.user_id = $1::VARCHAR
2025-09-27 01:15:59,462 INFO sqlalchemy.engine.Engine [generated in 0.00088s] ('E4l3DC8LbgcD2REF1NKT7QIC0if1',)
üåê GET http://localhost:8003/api/v1/cart
üìã Headers: {'host': 'localhost:8003', 'connection': 'keep-alive', 'sec-ch-ua-platform': 
'"Android"', 'user-agent': 'Mozilla/5.0 (Linux; Android 6.0; Nexus 5 Build/MRA58N) AppleWebKit/537.36 (KHTML, like Gecko) Chrome/140.0.0.0 Mobile Safari/537.36', 'accept': 'application/json, text/plain, */*', 'sec-ch-ua': '"Chromium";v="140", "Not=A?Brand";v="24", "Google Chrome";v="140"', 'sec-ch-ua-mobile': '?1', 'origin': 'http://localhost:3000', 'sec-fetch-site': 'same-site', 'sec-fetch-mode': 'cors', 'sec-fetch-dest': 'empty', 'referer': 'http://localhost:3000/', 'accept-encoding': 'gzip, deflate, br, zstd', 'accept-language': 'en-US,en;q=0.9', 'cookie': '__next_hmr_refresh_hash__=54ae87036deac42865c08a0b8b59e3ac633457081244afec; auth_session=eyJhbGciOiJSUzI1NiIsImtpZCI6ImtJTVNPdyJ9.eyJpc3MiOiJodHRwczovL3Nlc3Npb24uZmlyZWJhc2UuZ29vZ2xlLmNvbS9ncm9mYXN0LWQwZTEyIiwibmFtZSI6IkhpZ2giLCJwaWN0dXJlIjoiaHR0cHM6Ly9saDMuZ29vZ2xldXNlcmNvbnRlbnQuY29tL2EvQUNnOG9jS2h3bEs3dDFLbWRQVzBEd3NhT0dKMVEyVDRIN0xQMDg4bXE4d0RrRTdnTG5iQ2dRXHUwMDNkczk2LWMiLCJhdWQiOiJncm9mYXN0LWQwZTEyIiwiYXV0aF90aW1lIjoxNzU4OTA5ODQ2LCJ1c2VyX2lkIjoiRTRsM0RDOExiZ2NEMlJFRjFOS1Q3UUlDMGlmMSIsInN1YiI6IkU0bDNEQzhMYmdjRDJSRUYxTktUN1FJQzBpZjEiLCJpYXQiOjE3NTg5MDk4NDgsImV4cCI6MTc1OTM0MTg0OCwiZW1haWwiOiJoaWdoMTU5MTVAZ21haWwuY29tIiwiZW1haWxfdmVyaWZpZWQiOnRydWUsImZpcmViYXNlIjp7ImlkZW50aXRpZXMiOnsiZ29vZ2xlLmNvbSI6WyIxMTU5MTU2NjE0MzY2NDE5MTE1MTYiXSwiZW1haWwiOlsiaGlnaDE1OTE1QGdtYWlsLmNvbSJdfSwic2lnbl9pbl9wcm92aWRlciI6Imdvb2dsZS5jb20ifX0.eJZv-bZgk3EwloNYMmlHDCBmdtNKgnIWc0P2Dwl-rg1HkiJpBbemt6OhwqmPdQqzI7uO9tyoFKTfQd-MLKENYTX32osS23EHTpDE1EJf83jnWPLRP0pabQm2UkmtQQrAJzDvw6soXljhia3JoN-IhlJoEW2mvLMP1Z1npBBNy6A7FHA-dy_I82Wu5bYNQzkIuXEqKeJsl6BV2S7SVEajyShfTFYhjYZnDNvIp10Boy2kpuRaUeK4zGJXikOAVRjzXRfimfyolHIwoJG52hrigaY13XFGlfB_EtnpKnAW9m2DbiJv171GY69oIb_qO5ihkAFu0B4wlCuyNVoqwWxE4w'}
üç™ Session cookie received: eyJhbGciOiJSUzI1NiIsImtpZCI6ImtJTVNPdyJ9.eyJpc3MiOiJodHRwczovL3Nlc3Npb24uZmlyZWJhc2UuZ29vZ2xlLmNvbS9ncm9mYXN0LWQwZTEyIiwibmFtZSI6IkhpZ2giLCJwaWN0dXJlIjoiaHR0cHM6Ly9saDMuZ29vZ2xldXNlcmNvbnRlbnQuY29tL2EvQUNnOG9jS2h3bEs3dDFLbWRQVzBEd3NhT0dKMVEyVDRIN0xQMDg4bXE4d0RrRTdnTG5iQ2dRXHUwMDNkczk2LWMiLCJhdWQiOiJncm9mYXN0LWQwZTEyIiwiYXV0aF90aW1lIjoxNzU4OTA5ODQ2LCJ1c2VyX2lkIjoiRTRsM0RDOExiZ2NEMlJFRjFOS1Q3UUlDMGlmMSIsInN1YiI6IkU0bDNEQzhMYmdjRDJSRUYxTktUN1FJQzBpZjEiLCJpYXQiOjE3NTg5MDk4NDgsImV4cCI6MTc1OTM0MTg0OCwiZW1haWwiOiJoaWdoMTU5MTVAZ21haWwuY29tIiwiZW1haWxfdmVyaWZpZWQiOnRydWUsImZpcmViYXNlIjp7ImlkZW50aXRpZXMiOnsiZ29vZ2xlLmNvbSI6WyIxMTU5MTU2NjE0MzY2NDE5MTE1MTYiXSwiZW1haWwiOlsiaGlnaDE1OTE1QGdtYWlsLmNvbSJdfSwic2lnbl9pbl9wcm92aWRlciI6Imdvb2dsZS5jb20ifX0.eJZv-bZgk3EwloNYMmlHDCBmdtNKgnIWc0P2Dwl-rg1HkiJpBbemt6OhwqmPdQqzI7uO9tyoFKTfQd-MLKENYTX32osS23EHTpDE1EJf83jnWPLRP0pabQm2UkmtQQrAJzDvw6soXljhia3JoN-IhlJoEW2mvLMP1Z1npBBNy6A7FHA-dy_I82Wu5bYNQzkIuXEqKeJsl6BV2S7SVEajyShfTFYhjYZnDNvIp10Boy2kpuRaUeK4zGJXikOAVRjzXRfimfyolHIwoJG52hrigaY13XFGlfB_EtnpKnAW9m2DbiJv171GY69oIb_qO5ihkAFu0B4wlCuyNVoqwWxE4w
‚úÖ Firebase session cookie decoded successfully: {'iss': 'https://session.firebase.google.
com/grofast-d0e12', 'name': 'High', 'picture': 'https://lh3.googleusercontent.com/a/ACg8ocKhwlK7t1KmdPW0DwsaOGJ1Q2T4H7LP088mq8wDkE7gLnbCgQ=s96-c', 'aud': 'grofast-d0e12', 'auth_time': 1758909846, 'user_id': 'E4l3DC8LbgcD2REF1NKT7QIC0if1', 'sub': 'E4l3DC8LbgcD2REF1NKT7QIC0if1', 'iat': 1758909848, 'exp': 1759341848, 'email': 'high15915@gmail.com', 'email_verified': True, 'firebase': {'identities': {'google.com': ['115915661436641911516'], 'email': ['high15915@gmail.com']}, 'sign_in_provider': 'google.com'}, 'uid': 'E4l3DC8LbgcD2REF1NKT7QIC0if1'}
üë§ User ID extracted from session: E4l3DC8LbgcD2REF1NKT7QIC0if1
2025-09-27 01:15:59,947 INFO sqlalchemy.engine.Engine BEGIN (implicit)
2025-09-27 01:15:59,948 INFO sqlalchemy.engine.Engine SELECT carts.user_id, carts.id, carts.created_at, carts.updated_at
FROM carts
WHERE carts.user_id = $1::VARCHAR
2025-09-27 01:15:59,949 INFO sqlalchemy.engine.Engine [cached since 0.5749s ago] ('E4l3DC8LbgcD2REF1NKT7QIC0if1',)
2025-09-27 01:15:59,952 INFO sqlalchemy.engine.Engine ROLLBACK
2025-09-27 01:15:59,955 INFO sqlalchemy.engine.Engine ROLLBACK
INFO:     127.0.0.1:51122 - "GET /api/v1/wishlist HTTP/1.1" 500 Internal Server Error    
ERROR:    Exception in ASGI application
Traceback (most recent call last):
  File "C:\Users\husain.burhanpurwala\AppData\Local\Programs\Python\Python310\lib\site-packages\anyio\streams\memory.py", line 98, in receive
    return self.receive_nowait()
  File "C:\Users\husain.burhanpurwala\AppData\Local\Programs\Python\Python310\lib\site-packages\anyio\streams\memory.py", line 93, in receive_nowait
    raise WouldBlock
anyio.WouldBlock

During handling of the above exception, another exception occurred:

Traceback (most recent call last):
  File "C:\Users\husain.burhanpurwala\AppData\Local\Programs\Python\Python310\lib\site-packages\starlette\middleware\base.py", line 78, in call_next
    message = await recv_stream.receive()
  File "C:\Users\husain.burhanpurwala\AppData\Local\Programs\Python\Python310\lib\site-packages\anyio\streams\memory.py", line 118, in receive
    raise EndOfStream
anyio.EndOfStream

During handling of the above exception, another exception occurred:

Traceback (most recent call last):
  File "C:\Users\husain.burhanpurwala\AppData\Local\Programs\Python\Python310\lib\site-packages\uvicorn\protocols\http\httptools_impl.py", line 426, in run_asgi
    result = await app(  # type: ignore[func-returns-value]
  File "C:\Users\husain.burhanpurwala\AppData\Local\Programs\Python\Python310\lib\site-packages\uvicorn\middleware\proxy_headers.py", line 84, in __call__
    return await self.app(scope, receive, send)
  File "C:\Users\husain.burhanpurwala\AppData\Local\Programs\Python\Python310\lib\site-packages\fastapi\applications.py", line 1106, in __call__
    await super().__call__(scope, receive, send)
  File "C:\Users\husain.burhanpurwala\AppData\Local\Programs\Python\Python310\lib\site-packages\starlette\applications.py", line 122, in __call__
    await self.middleware_stack(scope, receive, send)
  File "C:\Users\husain.burhanpurwala\AppData\Local\Programs\Python\Python310\lib\site-packages\starlette\middleware\errors.py", line 184, in __call__
    raise exc
  File "C:\Users\husain.burhanpurwala\AppData\Local\Programs\Python\Python310\lib\site-packages\starlette\middleware\errors.py", line 162, in __call__
    await self.app(scope, receive, _send)
  File "C:\Users\husain.burhanpurwala\AppData\Local\Programs\Python\Python310\lib\site-packages\starlette\middleware\cors.py", line 91, in __call__
    await self.simple_response(scope, receive, send, request_headers=headers)
  File "C:\Users\husain.burhanpurwala\AppData\Local\Programs\Python\Python310\lib\site-packages\starlette\middleware\cors.py", line 146, in simple_response
    await self.app(scope, receive, send)
  File "C:\Users\husain.burhanpurwala\AppData\Local\Programs\Python\Python310\lib\site-packages\starlette\middleware\base.py", line 108, in __call__
    response = await self.dispatch_func(request, call_next)
  File "c:\Users\husain.burhanpurwala\Downloads\auth-microservice\backend\cart_service\app\main.py", line 37, in log_requests
    response = await call_next(request)
  File "C:\Users\husain.burhanpurwala\AppData\Local\Programs\Python\Python310\lib\site-packages\starlette\middleware\base.py", line 84, in call_next
    raise app_exc
  File "C:\Users\husain.burhanpurwala\AppData\Local\Programs\Python\Python310\lib\site-packages\starlette\middleware\base.py", line 70, in coro
    await self.app(scope, receive_or_disconnect, send_no_error)
  File "C:\Users\husain.burhanpurwala\AppData\Local\Programs\Python\Python310\lib\site-packages\starlette\middleware\exceptions.py", line 79, in __call__
    raise exc
  File "C:\Users\husain.burhanpurwala\AppData\Local\Programs\Python\Python310\lib\site-packages\starlette\middleware\exceptions.py", line 68, in __call__
    await self.app(scope, receive, sender)
  File "C:\Users\husain.burhanpurwala\AppData\Local\Programs\Python\Python310\lib\site-packages\fastapi\middleware\asyncexitstack.py", line 20, in __call__
    raise e
  File "C:\Users\husain.burhanpurwala\AppData\Local\Programs\Python\Python310\lib\site-packages\fastapi\middleware\asyncexitstack.py", line 17, in __call__
    await self.app(scope, receive, send)
  File "C:\Users\husain.burhanpurwala\AppData\Local\Programs\Python\Python310\lib\site-packages\starlette\routing.py", line 718, in __call__
    await route.handle(scope, receive, send)
  File "C:\Users\husain.burhanpurwala\AppData\Local\Programs\Python\Python310\lib\site-packages\starlette\routing.py", line 276, in handle
    await self.app(scope, receive, send)
  File "C:\Users\husain.burhanpurwala\AppData\Local\Programs\Python\Python310\lib\site-packages\starlette\routing.py", line 66, in app
    response = await func(request)
  File "C:\Users\husain.burhanpurwala\AppData\Local\Programs\Python\Python310\lib\site-packages\fastapi\routing.py", line 274, in app
    raw_response = await run_endpoint_function(
  File "C:\Users\husain.burhanpurwala\AppData\Local\Programs\Python\Python310\lib\site-packages\fastapi\routing.py", line 191, in run_endpoint_function
    return await dependant.call(**values)
  File "c:\Users\husain.burhanpurwala\Downloads\auth-microservice\backend\cart_service\app\routes\cart.py", line 188, in get_wishlist
    wishlist = await cart_service.get_wishlist_with_items(user_id)
  File "c:\Users\husain.burhanpurwala\Downloads\auth-microservice\backend\cart_service\app\services\cart_service.py", line 394, in get_wishlist_with_items
    wishlist = await self.get_or_create_wishlist(user_id)
  File "c:\Users\husain.burhanpurwala\Downloads\auth-microservice\backend\cart_service\app\services\cart_service.py", line 67, in get_or_create_wishlist
    await self.db.commit()
  File "C:\Users\husain.burhanpurwala\AppData\Local\Programs\Python\Python310\lib\site-packages\sqlalchemy\ext\asyncio\session.py", line 1009, in commit
    await greenlet_spawn(self.sync_session.commit)
  File "C:\Users\husain.burhanpurwala\AppData\Local\Programs\Python\Python310\lib\site-packages\sqlalchemy\util\_concurrency_py3k.py", line 203, in greenlet_spawn
    result = context.switch(value)
  File "C:\Users\husain.burhanpurwala\AppData\Local\Programs\Python\Python310\lib\site-packages\sqlalchemy\orm\session.py", line 2028, in commit
    trans.commit(_to_root=True)
  File "<string>", line 2, in commit
  File "C:\Users\husain.burhanpurwala\AppData\Local\Programs\Python\Python310\lib\site-packages\sqlalchemy\orm\state_changes.py", line 139, in _go
    ret_value = fn(self, *arg, **kw)
  File "C:\Users\husain.burhanpurwala\AppData\Local\Programs\Python\Python310\lib\site-packages\sqlalchemy\orm\session.py", line 1313, in commit
    self._prepare_impl()
  File "<string>", line 2, in _prepare_impl
  File "C:\Users\husain.burhanpurwala\AppData\Local\Programs\Python\Python310\lib\site-packages\sqlalchemy\orm\state_changes.py", line 139, in _go
    ret_value = fn(self, *arg, **kw)
  File "C:\Users\husain.burhanpurwala\AppData\Local\Programs\Python\Python310\lib\site-packages\sqlalchemy\orm\session.py", line 1288, in _prepare_impl
    self.session.flush()
  File "C:\Users\husain.burhanpurwala\AppData\Local\Programs\Python\Python310\lib\site-packages\sqlalchemy\orm\session.py", line 4352, in flush
    self._flush(objects)
  File "C:\Users\husain.burhanpurwala\AppData\Local\Programs\Python\Python310\lib\site-packages\sqlalchemy\orm\session.py", line 4487, in _flush
    with util.safe_reraise():
  File "C:\Users\husain.burhanpurwala\AppData\Local\Programs\Python\Python310\lib\site-packages\sqlalchemy\util\langhelpers.py", line 146, in __exit__
    raise exc_value.with_traceback(exc_tb)
  File "C:\Users\husain.burhanpurwala\AppData\Local\Programs\Python\Python310\lib\site-packages\sqlalchemy\orm\session.py", line 4448, in _flush
    flush_context.execute()
  File "C:\Users\husain.burhanpurwala\AppData\Local\Programs\Python\Python310\lib\site-packages\sqlalchemy\orm\unitofwork.py", line 466, in execute
    rec.execute(self)
  File "C:\Users\husain.burhanpurwala\AppData\Local\Programs\Python\Python310\lib\site-packages\sqlalchemy\orm\unitofwork.py", line 642, in execute
    util.preloaded.orm_persistence.save_obj(
  File "C:\Users\husain.burhanpurwala\AppData\Local\Programs\Python\Python310\lib\site-packages\sqlalchemy\orm\persistence.py", line 76, in save_obj
    for table, mapper in base_mapper._sorted_tables.items():
  File "C:\Users\husain.burhanpurwala\AppData\Local\Programs\Python\Python310\lib\site-packages\sqlalchemy\util\langhelpers.py", line 1253, in __get__
    obj.__dict__[self.__name__] = result = self.fget(obj)
  File "C:\Users\husain.burhanpurwala\AppData\Local\Programs\Python\Python310\lib\site-packages\sqlalchemy\orm\mapper.py", line 4061, in _sorted_tables
    sorted_ = sql_util.sort_tables(
  File "C:\Users\husain.burhanpurwala\AppData\Local\Programs\Python\Python310\lib\site-packages\sqlalchemy\sql\ddl.py", line 1252, in sort_tables
    for (t, fkcs) in sort_tables_and_constraints(
  File "C:\Users\husain.burhanpurwala\AppData\Local\Programs\Python\Python310\lib\site-packages\sqlalchemy\sql\ddl.py", line 1322, in sort_tables_and_constraints
    filtered = filter_fn(fkc)
  File "C:\Users\husain.burhanpurwala\AppData\Local\Programs\Python\Python310\lib\site-packages\sqlalchemy\sql\ddl.py", line 1242, in _skip_fn
    if fixed_skip_fn(fk):
  File "C:\Users\husain.burhanpurwala\AppData\Local\Programs\Python\Python310\lib\site-packages\sqlalchemy\orm\mapper.py", line 4044, in skip
    dep = table_to_mapper.get(fk.column.table)
  File "C:\Users\husain.burhanpurwala\AppData\Local\Programs\Python\Python310\lib\site-packages\sqlalchemy\util\langhelpers.py", line 1141, in __get__
    obj.__dict__[self.__name__] = result = self.fget(obj)
  File "C:\Users\husain.burhanpurwala\AppData\Local\Programs\Python\Python310\lib\site-packages\sqlalchemy\sql\schema.py", line 3170, in column
    return self._resolve_column()
  File "C:\Users\husain.burhanpurwala\AppData\Local\Programs\Python\Python310\lib\site-packages\sqlalchemy\sql\schema.py", line 3193, in _resolve_column
    raise exc.NoReferencedTableError(
sqlalchemy.exc.NoReferencedTableError: Foreign key associated with column 'wishlists.user_id' could not find table 'users' with which to generate a foreign key to target column 'uid'
INFO:     127.0.0.1:51127 - "GET /api/v1/cart HTTP/1.1" 500 Internal Server Error
ERROR:    Exception in ASGI application
Traceback (most recent call last):
  File "C:\Users\husain.burhanpurwala\AppData\Local\Programs\Python\Python310\lib\site-packages\anyio\streams\memory.py", line 98, in receive
    return self.receive_nowait()
  File "C:\Users\husain.burhanpurwala\AppData\Local\Programs\Python\Python310\lib\site-packages\anyio\streams\memory.py", line 93, in receive_nowait
    raise WouldBlock
anyio.WouldBlock

During handling of the above exception, another exception occurred:

Traceback (most recent call last):
  File "C:\Users\husain.burhanpurwala\AppData\Local\Programs\Python\Python310\lib\site-packages\starlette\middleware\base.py", line 78, in call_next
    message = await recv_stream.receive()
  File "C:\Users\husain.burhanpurwala\AppData\Local\Programs\Python\Python310\lib\site-packages\anyio\streams\memory.py", line 118, in receive
    raise EndOfStream
anyio.EndOfStream

During handling of the above exception, another exception occurred:

Traceback (most recent call last):
  File "C:\Users\husain.burhanpurwala\AppData\Local\Programs\Python\Python310\lib\site-packages\uvicorn\protocols\http\httptools_impl.py", line 426, in run_asgi
    result = await app(  # type: ignore[func-returns-value]
  File "C:\Users\husain.burhanpurwala\AppData\Local\Programs\Python\Python310\lib\site-packages\uvicorn\middleware\proxy_headers.py", line 84, in __call__
    return await self.app(scope, receive, send)
  File "C:\Users\husain.burhanpurwala\AppData\Local\Programs\Python\Python310\lib\site-packages\fastapi\applications.py", line 1106, in __call__
    await super().__call__(scope, receive, send)
  File "C:\Users\husain.burhanpurwala\AppData\Local\Programs\Python\Python310\lib\site-packages\starlette\applications.py", line 122, in __call__
    await self.middleware_stack(scope, receive, send)
  File "C:\Users\husain.burhanpurwala\AppData\Local\Programs\Python\Python310\lib\site-packages\starlette\middleware\errors.py", line 184, in __call__
    raise exc
  File "C:\Users\husain.burhanpurwala\AppData\Local\Programs\Python\Python310\lib\site-packages\starlette\middleware\errors.py", line 162, in __call__
    await self.app(scope, receive, _send)
  File "C:\Users\husain.burhanpurwala\AppData\Local\Programs\Python\Python310\lib\site-packages\starlette\middleware\cors.py", line 91, in __call__
    await self.simple_response(scope, receive, send, request_headers=headers)
  File "C:\Users\husain.burhanpurwala\AppData\Local\Programs\Python\Python310\lib\site-packages\starlette\middleware\cors.py", line 146, in simple_response
    await self.app(scope, receive, send)
  File "C:\Users\husain.burhanpurwala\AppData\Local\Programs\Python\Python310\lib\site-packages\starlette\middleware\base.py", line 108, in __call__
    response = await self.dispatch_func(request, call_next)
  File "c:\Users\husain.burhanpurwala\Downloads\auth-microservice\backend\cart_service\app\main.py", line 37, in log_requests
    response = await call_next(request)
  File "C:\Users\husain.burhanpurwala\AppData\Local\Programs\Python\Python310\lib\site-packages\starlette\middleware\base.py", line 84, in call_next
    raise app_exc
  File "C:\Users\husain.burhanpurwala\AppData\Local\Programs\Python\Python310\lib\site-packages\starlette\middleware\base.py", line 70, in coro
    await self.app(scope, receive_or_disconnect, send_no_error)
  File "C:\Users\husain.burhanpurwala\AppData\Local\Programs\Python\Python310\lib\site-packages\starlette\middleware\exceptions.py", line 79, in __call__
    raise exc
  File "C:\Users\husain.burhanpurwala\AppData\Local\Programs\Python\Python310\lib\site-packages\starlette\middleware\exceptions.py", line 68, in __call__
    await self.app(scope, receive, sender)
  File "C:\Users\husain.burhanpurwala\AppData\Local\Programs\Python\Python310\lib\site-packages\fastapi\middleware\asyncexitstack.py", line 20, in __call__
    raise e
  File "C:\Users\husain.burhanpurwala\AppData\Local\Programs\Python\Python310\lib\site-packages\fastapi\middleware\asyncexitstack.py", line 17, in __call__
    await self.app(scope, receive, send)
  File "C:\Users\husain.burhanpurwala\AppData\Local\Programs\Python\Python310\lib\site-packages\starlette\routing.py", line 718, in __call__
    await route.handle(scope, receive, send)
  File "C:\Users\husain.burhanpurwala\AppData\Local\Programs\Python\Python310\lib\site-packages\starlette\routing.py", line 276, in handle
    await self.app(scope, receive, send)
  File "C:\Users\husain.burhanpurwala\AppData\Local\Programs\Python\Python310\lib\site-packages\starlette\routing.py", line 66, in app
    response = await func(request)
  File "C:\Users\husain.burhanpurwala\AppData\Local\Programs\Python\Python310\lib\site-packages\fastapi\routing.py", line 274, in app
    raw_response = await run_endpoint_function(
  File "C:\Users\husain.burhanpurwala\AppData\Local\Programs\Python\Python310\lib\site-packages\fastapi\routing.py", line 191, in run_endpoint_function
    return await dependant.call(**values)
  File "c:\Users\husain.burhanpurwala\Downloads\auth-microservice\backend\cart_service\app\routes\cart.py", line 48, in get_cart
    cart = await cart_service.get_cart_with_items(user_id)
  File "c:\Users\husain.burhanpurwala\Downloads\auth-microservice\backend\cart_service\app\services\cart_service.py", line 85, in get_cart_with_items
    cart = await self.get_or_create_cart(user_id)
  File "c:\Users\husain.burhanpurwala\Downloads\auth-microservice\backend\cart_service\app\services\cart_service.py", line 47, in get_or_create_cart
    await self.db.commit()
  File "C:\Users\husain.burhanpurwala\AppData\Local\Programs\Python\Python310\lib\site-packages\sqlalchemy\ext\asyncio\session.py", line 1009, in commit
    await greenlet_spawn(self.sync_session.commit)
  File "C:\Users\husain.burhanpurwala\AppData\Local\Programs\Python\Python310\lib\site-packages\sqlalchemy\util\_concurrency_py3k.py", line 203, in greenlet_spawn
    result = context.switch(value)
  File "C:\Users\husain.burhanpurwala\AppData\Local\Programs\Python\Python310\lib\site-packages\sqlalchemy\orm\session.py", line 2028, in commit
    trans.commit(_to_root=True)
  File "<string>", line 2, in commit
  File "C:\Users\husain.burhanpurwala\AppData\Local\Programs\Python\Python310\lib\site-packages\sqlalchemy\orm\state_changes.py", line 139, in _go
    ret_value = fn(self, *arg, **kw)
  File "C:\Users\husain.burhanpurwala\AppData\Local\Programs\Python\Python310\lib\site-packages\sqlalchemy\orm\session.py", line 1313, in commit
    self._prepare_impl()
  File "<string>", line 2, in _prepare_impl
  File "C:\Users\husain.burhanpurwala\AppData\Local\Programs\Python\Python310\lib\site-packages\sqlalchemy\orm\state_changes.py", line 139, in _go
    ret_value = fn(self, *arg, **kw)
  File "C:\Users\husain.burhanpurwala\AppData\Local\Programs\Python\Python310\lib\site-packages\sqlalchemy\orm\session.py", line 1288, in _prepare_impl
    self.session.flush()
  File "C:\Users\husain.burhanpurwala\AppData\Local\Programs\Python\Python310\lib\site-packages\sqlalchemy\orm\session.py", line 4352, in flush
    self._flush(objects)
  File "C:\Users\husain.burhanpurwala\AppData\Local\Programs\Python\Python310\lib\site-packages\sqlalchemy\orm\session.py", line 4487, in _flush
    with util.safe_reraise():
  File "C:\Users\husain.burhanpurwala\AppData\Local\Programs\Python\Python310\lib\site-packages\sqlalchemy\util\langhelpers.py", line 146, in __exit__
    raise exc_value.with_traceback(exc_tb)
  File "C:\Users\husain.burhanpurwala\AppData\Local\Programs\Python\Python310\lib\site-packages\sqlalchemy\orm\session.py", line 4448, in _flush
    flush_context.execute()
  File "C:\Users\husain.burhanpurwala\AppData\Local\Programs\Python\Python310\lib\site-packages\sqlalchemy\orm\unitofwork.py", line 466, in execute
    rec.execute(self)
  File "C:\Users\husain.burhanpurwala\AppData\Local\Programs\Python\Python310\lib\site-packages\sqlalchemy\orm\unitofwork.py", line 642, in execute
    util.preloaded.orm_persistence.save_obj(
  File "C:\Users\husain.burhanpurwala\AppData\Local\Programs\Python\Python310\lib\site-packages\sqlalchemy\orm\persistence.py", line 76, in save_obj
    for table, mapper in base_mapper._sorted_tables.items():
  File "C:\Users\husain.burhanpurwala\AppData\Local\Programs\Python\Python310\lib\site-packages\sqlalchemy\util\langhelpers.py", line 1253, in __get__
    obj.__dict__[self.__name__] = result = self.fget(obj)
  File "C:\Users\husain.burhanpurwala\AppData\Local\Programs\Python\Python310\lib\site-packages\sqlalchemy\orm\mapper.py", line 4061, in _sorted_tables
    sorted_ = sql_util.sort_tables(
  File "C:\Users\husain.burhanpurwala\AppData\Local\Programs\Python\Python310\lib\site-packages\sqlalchemy\sql\ddl.py", line 1252, in sort_tables
    for (t, fkcs) in sort_tables_and_constraints(
  File "C:\Users\husain.burhanpurwala\AppData\Local\Programs\Python\Python310\lib\site-packages\sqlalchemy\sql\ddl.py", line 1322, in sort_tables_and_constraints
    filtered = filter_fn(fkc)
  File "C:\Users\husain.burhanpurwala\AppData\Local\Programs\Python\Python310\lib\site-packages\sqlalchemy\sql\ddl.py", line 1242, in _skip_fn
    if fixed_skip_fn(fk):
  File "C:\Users\husain.burhanpurwala\AppData\Local\Programs\Python\Python310\lib\site-packages\sqlalchemy\orm\mapper.py", line 4044, in skip
    dep = table_to_mapper.get(fk.column.table)
  File "C:\Users\husain.burhanpurwala\AppData\Local\Programs\Python\Python310\lib\site-packages\sqlalchemy\util\langhelpers.py", line 1141, in __get__
    obj.__dict__[self.__name__] = result = self.fget(obj)
  File "C:\Users\husain.burhanpurwala\AppData\Local\Programs\Python\Python310\lib\site-packages\sqlalchemy\sql\schema.py", line 3170, in column
    return self._resolve_column()
  File "C:\Users\husain.burhanpurwala\AppData\Local\Programs\Python\Python310\lib\site-packages\sqlalchemy\sql\schema.py", line 3193, in _resolve_column
    raise exc.NoReferencedTableError(
sqlalchemy.exc.NoReferencedTableError: Foreign key associated with column 'carts.user_id' could not find table 'users' with which to generate a foreign key to target column 'uid'üåê GET http://localhost:8003/api/v1/wishlist
üìã Headers: {'host': 'localhost:8003', 'connection': 'keep-alive', 'sec-ch-ua-platform': 
'"Android"', 'user-agent': 'Mozilla/5.0 (Linux; Android 6.0; Nexus 5 Build/MRA58N) AppleWebKit/537.36 (KHTML, like Gecko) Chrome/140.0.0.0 Mobile Safari/537.36', 'accept': 'application/json, text/plain, */*', 'sec-ch-ua': '"Chromium";v="140", "Not=A?Brand";v="24", "Google Chrome";v="140"', 'sec-ch-ua-mobile': '?1', 'origin': 'http://localhost:3000', 'sec-fetch-site': 'same-site', 'sec-fetch-mode': 'cors', 'sec-fetch-dest': 'empty', 'referer': 'http://localhost:3000/', 'accept-encoding': 'gzip, deflate, br, zstd', 'accept-language': 'en-US,en;q=0.9', 'cookie': '__next_hmr_refresh_hash__=54ae87036deac42865c08a0b8b59e3ac633457081244afec; auth_session=eyJhbGciOiJSUzI1NiIsImtpZCI6ImtJTVNPdyJ9.eyJpc3MiOiJodHRwczovL3Nlc3Npb24uZmlyZWJhc2UuZ29vZ2xlLmNvbS9ncm9mYXN0LWQwZTEyIiwibmFtZSI6IkhpZ2giLCJwaWN0dXJlIjoiaHR0cHM6Ly9saDMuZ29vZ2xldXNlcmNvbnRlbnQuY29tL2EvQUNnOG9jS2h3bEs3dDFLbWRQVzBEd3NhT0dKMVEyVDRIN0xQMDg4bXE4d0RrRTdnTG5iQ2dRXHUwMDNkczk2LWMiLCJhdWQiOiJncm9mYXN0LWQwZTEyIiwiYXV0aF90aW1lIjoxNzU4OTA5ODQ2LCJ1c2VyX2lkIjoiRTRsM0RDOExiZ2NEMlJFRjFOS1Q3UUlDMGlmMSIsInN1YiI6IkU0bDNEQzhMYmdjRDJSRUYxTktUN1FJQzBpZjEiLCJpYXQiOjE3NTg5MDk4NDgsImV4cCI6MTc1OTM0MTg0OCwiZW1haWwiOiJoaWdoMTU5MTVAZ21haWwuY29tIiwiZW1haWxfdmVyaWZpZWQiOnRydWUsImZpcmViYXNlIjp7ImlkZW50aXRpZXMiOnsiZ29vZ2xlLmNvbSI6WyIxMTU5MTU2NjE0MzY2NDE5MTE1MTYiXSwiZW1haWwiOlsiaGlnaDE1OTE1QGdtYWlsLmNvbSJdfSwic2lnbl9pbl9wcm92aWRlciI6Imdvb2dsZS5jb20ifX0.eJZv-bZgk3EwloNYMmlHDCBmdtNKgnIWc0P2Dwl-rg1HkiJpBbemt6OhwqmPdQqzI7uO9tyoFKTfQd-MLKENYTX32osS23EHTpDE1EJf83jnWPLRP0pabQm2UkmtQQrAJzDvw6soXljhia3JoN-IhlJoEW2mvLMP1Z1npBBNy6A7FHA-dy_I82Wu5bYNQzkIuXEqKeJsl6BV2S7SVEajyShfTFYhjYZnDNvIp10Boy2kpuRaUeK4zGJXikOAVRjzXRfimfyolHIwoJG52hrigaY13XFGlfB_EtnpKnAW9m2DbiJv171GY69oIb_qO5ihkAFu0B4wlCuyNVoqwWxE4w'}
üç™ Session cookie received: eyJhbGciOiJSUzI1NiIsImtpZCI6ImtJTVNPdyJ9.eyJpc3MiOiJodHRwczovL3Nlc3Npb24uZmlyZWJhc2UuZ29vZ2xlLmNvbS9ncm9mYXN0LWQwZTEyIiwibmFtZSI6IkhpZ2giLCJwaWN0dXJlIjoiaHR0cHM6Ly9saDMuZ29vZ2xldXNlcmNvbnRlbnQuY29tL2EvQUNnOG9jS2h3bEs3dDFLbWRQVzBEd3NhT0dKMVEyVDRIN0xQMDg4bXE4d0RrRTdnTG5iQ2dRXHUwMDNkczk2LWMiLCJhdWQiOiJncm9mYXN0LWQwZTEyIiwiYXV0aF90aW1lIjoxNzU4OTA5ODQ2LCJ1c2VyX2lkIjoiRTRsM0RDOExiZ2NEMlJFRjFOS1Q3UUlDMGlmMSIsInN1YiI6IkU0bDNEQzhMYmdjRDJSRUYxTktUN1FJQzBpZjEiLCJpYXQiOjE3NTg5MDk4NDgsImV4cCI6MTc1OTM0MTg0OCwiZW1haWwiOiJoaWdoMTU5MTVAZ21haWwuY29tIiwiZW1haWxfdmVyaWZpZWQiOnRydWUsImZpcmViYXNlIjp7ImlkZW50aXRpZXMiOnsiZ29vZ2xlLmNvbSI6WyIxMTU5MTU2NjE0MzY2NDE5MTE1MTYiXSwiZW1haWwiOlsiaGlnaDE1OTE1QGdtYWlsLmNvbSJdfSwic2lnbl9pbl9wcm92aWRlciI6Imdvb2dsZS5jb20ifX0.eJZv-bZgk3EwloNYMmlHDCBmdtNKgnIWc0P2Dwl-rg1HkiJpBbemt6OhwqmPdQqzI7uO9tyoFKTfQd-MLKENYTX32osS23EHTpDE1EJf83jnWPLRP0pabQm2UkmtQQrAJzDvw6soXljhia3JoN-IhlJoEW2mvLMP1Z1npBBNy6A7FHA-dy_I82Wu5bYNQzkIuXEqKeJsl6BV2S7SVEajyShfTFYhjYZnDNvIp10Boy2kpuRaUeK4zGJXikOAVRjzXRfimfyolHIwoJG52hrigaY13XFGlfB_EtnpKnAW9m2DbiJv171GY69oIb_qO5ihkAFu0B4wlCuyNVoqwWxE4w
‚úÖ Firebase session cookie decoded successfully: {'iss': 'https://session.firebase.google.
com/grofast-d0e12', 'name': 'High', 'picture': 'https://lh3.googleusercontent.com/a/ACg8ocKhwlK7t1KmdPW0DwsaOGJ1Q2T4H7LP088mq8wDkE7gLnbCgQ=s96-c', 'aud': 'grofast-d0e12', 'auth_time': 1758909846, 'user_id': 'E4l3DC8LbgcD2REF1NKT7QIC0if1', 'sub': 'E4l3DC8LbgcD2REF1NKT7QIC0if1', 'iat': 1758909848, 'exp': 1759341848, 'email': 'high15915@gmail.com', 'email_verified': True, 'firebase': {'identities': {'google.com': ['115915661436641911516'], 'email': ['high15915@gmail.com']}, 'sign_in_provider': 'google.com'}, 'uid': 'E4l3DC8LbgcD2REF1NKT7QIC0if1'}
üë§ User ID extracted from session: E4l3DC8LbgcD2REF1NKT7QIC0if1
2025-09-27 01:16:00,766 INFO sqlalchemy.engine.Engine BEGIN (implicit)
2025-09-27 01:16:00,766 INFO sqlalchemy.engine.Engine SELECT wishlists.user_id, wishlists.id, wishlists.created_at, wishlists.updated_at
FROM wishlists
WHERE wishlists.user_id = $1::VARCHAR
2025-09-27 01:16:00,767 INFO sqlalchemy.engine.Engine [cached since 1.306s ago] ('E4l3DC8LbgcD2REF1NKT7QIC0if1',)
2025-09-27 01:16:00,770 INFO sqlalchemy.engine.Engine ROLLBACK
INFO:     127.0.0.1:51153 - "GET /api/v1/wishlist HTTP/1.1" 500 Internal Server Error    
ERROR:    Exception in ASGI application
Traceback (most recent call last):
  File "C:\Users\husain.burhanpurwala\AppData\Local\Programs\Python\Python310\lib\site-packages\anyio\streams\memory.py", line 98, in receive
    return self.receive_nowait()
  File "C:\Users\husain.burhanpurwala\AppData\Local\Programs\Python\Python310\lib\site-packages\anyio\streams\memory.py", line 93, in receive_nowait
    raise WouldBlock
anyio.WouldBlock

During handling of the above exception, another exception occurred:

Traceback (most recent call last):
  File "C:\Users\husain.burhanpurwala\AppData\Local\Programs\Python\Python310\lib\site-packages\starlette\middleware\base.py", line 78, in call_next
    message = await recv_stream.receive()
  File "C:\Users\husain.burhanpurwala\AppData\Local\Programs\Python\Python310\lib\site-packages\anyio\streams\memory.py", line 118, in receive
    raise EndOfStream
anyio.EndOfStream

During handling of the above exception, another exception occurred:

Traceback (most recent call last):
  File "C:\Users\husain.burhanpurwala\AppData\Local\Programs\Python\Python310\lib\site-packages\uvicorn\protocols\http\httptools_impl.py", line 426, in run_asgi
    result = await app(  # type: ignore[func-returns-value]
  File "C:\Users\husain.burhanpurwala\AppData\Local\Programs\Python\Python310\lib\site-packages\uvicorn\middleware\proxy_headers.py", line 84, in __call__
    return await self.app(scope, receive, send)
  File "C:\Users\husain.burhanpurwala\AppData\Local\Programs\Python\Python310\lib\site-packages\fastapi\applications.py", line 1106, in __call__
    await super().__call__(scope, receive, send)
  File "C:\Users\husain.burhanpurwala\AppData\Local\Programs\Python\Python310\lib\site-packages\starlette\applications.py", line 122, in __call__
    await self.middleware_stack(scope, receive, send)
  File "C:\Users\husain.burhanpurwala\AppData\Local\Programs\Python\Python310\lib\site-packages\starlette\middleware\errors.py", line 184, in __call__
    raise exc
  File "C:\Users\husain.burhanpurwala\AppData\Local\Programs\Python\Python310\lib\site-packages\starlette\middleware\errors.py", line 162, in __call__
    await self.app(scope, receive, _send)
  File "C:\Users\husain.burhanpurwala\AppData\Local\Programs\Python\Python310\lib\site-packages\starlette\middleware\cors.py", line 91, in __call__
    await self.simple_response(scope, receive, send, request_headers=headers)
  File "C:\Users\husain.burhanpurwala\AppData\Local\Programs\Python\Python310\lib\site-packages\starlette\middleware\cors.py", line 146, in simple_response
    await self.app(scope, receive, send)
  File "C:\Users\husain.burhanpurwala\AppData\Local\Programs\Python\Python310\lib\site-packages\starlette\middleware\base.py", line 108, in __call__
    response = await self.dispatch_func(request, call_next)
  File "c:\Users\husain.burhanpurwala\Downloads\auth-microservice\backend\cart_service\app\main.py", line 37, in log_requests
    response = await call_next(request)
  File "C:\Users\husain.burhanpurwala\AppData\Local\Programs\Python\Python310\lib\site-packages\starlette\middleware\base.py", line 84, in call_next
    raise app_exc
  File "C:\Users\husain.burhanpurwala\AppData\Local\Programs\Python\Python310\lib\site-packages\starlette\middleware\base.py", line 70, in coro
    await self.app(scope, receive_or_disconnect, send_no_error)
  File "C:\Users\husain.burhanpurwala\AppData\Local\Programs\Python\Python310\lib\site-packages\starlette\middleware\exceptions.py", line 79, in __call__
    raise exc
  File "C:\Users\husain.burhanpurwala\AppData\Local\Programs\Python\Python310\lib\site-packages\starlette\middleware\exceptions.py", line 68, in __call__
    await self.app(scope, receive, sender)
  File "C:\Users\husain.burhanpurwala\AppData\Local\Programs\Python\Python310\lib\site-packages\fastapi\middleware\asyncexitstack.py", line 20, in __call__
    raise e
  File "C:\Users\husain.burhanpurwala\AppData\Local\Programs\Python\Python310\lib\site-packages\fastapi\middleware\asyncexitstack.py", line 17, in __call__
    await self.app(scope, receive, send)
  File "C:\Users\husain.burhanpurwala\AppData\Local\Programs\Python\Python310\lib\site-packages\starlette\routing.py", line 718, in __call__
    await route.handle(scope, receive, send)
  File "C:\Users\husain.burhanpurwala\AppData\Local\Programs\Python\Python310\lib\site-packages\starlette\routing.py", line 276, in handle
    await self.app(scope, receive, send)
  File "C:\Users\husain.burhanpurwala\AppData\Local\Programs\Python\Python310\lib\site-packages\starlette\routing.py", line 66, in app
    response = await func(request)
  File "C:\Users\husain.burhanpurwala\AppData\Local\Programs\Python\Python310\lib\site-packages\fastapi\routing.py", line 274, in app
    raw_response = await run_endpoint_function(
  File "C:\Users\husain.burhanpurwala\AppData\Local\Programs\Python\Python310\lib\site-packages\fastapi\routing.py", line 191, in run_endpoint_function
    return await dependant.call(**values)
  File "c:\Users\husain.burhanpurwala\Downloads\auth-microservice\backend\cart_service\app\routes\cart.py", line 188, in get_wishlist
    wishlist = await cart_service.get_wishlist_with_items(user_id)
  File "c:\Users\husain.burhanpurwala\Downloads\auth-microservice\backend\cart_service\app\services\cart_service.py", line 394, in get_wishlist_with_items
    wishlist = await self.get_or_create_wishlist(user_id)
  File "c:\Users\husain.burhanpurwala\Downloads\auth-microservice\backend\cart_service\app\services\cart_service.py", line 67, in get_or_create_wishlist
    await self.db.commit()
  File "C:\Users\husain.burhanpurwala\AppData\Local\Programs\Python\Python310\lib\site-packages\sqlalchemy\ext\asyncio\session.py", line 1009, in commit
    await greenlet_spawn(self.sync_session.commit)
  File "C:\Users\husain.burhanpurwala\AppData\Local\Programs\Python\Python310\lib\site-packages\sqlalchemy\util\_concurrency_py3k.py", line 203, in greenlet_spawn
    result = context.switch(value)
  File "C:\Users\husain.burhanpurwala\AppData\Local\Programs\Python\Python310\lib\site-packages\sqlalchemy\orm\session.py", line 2028, in commit
    trans.commit(_to_root=True)
  File "<string>", line 2, in commit
  File "C:\Users\husain.burhanpurwala\AppData\Local\Programs\Python\Python310\lib\site-packages\sqlalchemy\orm\state_changes.py", line 139, in _go
    ret_value = fn(self, *arg, **kw)
  File "C:\Users\husain.burhanpurwala\AppData\Local\Programs\Python\Python310\lib\site-packages\sqlalchemy\orm\session.py", line 1313, in commit
    self._prepare_impl()
  File "<string>", line 2, in _prepare_impl
  File "C:\Users\husain.burhanpurwala\AppData\Local\Programs\Python\Python310\lib\site-packages\sqlalchemy\orm\state_changes.py", line 139, in _go
    ret_value = fn(self, *arg, **kw)
  File "C:\Users\husain.burhanpurwala\AppData\Local\Programs\Python\Python310\lib\site-packages\sqlalchemy\orm\session.py", line 1288, in _prepare_impl
    self.session.flush()
  File "C:\Users\husain.burhanpurwala\AppData\Local\Programs\Python\Python310\lib\site-packages\sqlalchemy\orm\session.py", line 4352, in flush
    self._flush(objects)
  File "C:\Users\husain.burhanpurwala\AppData\Local\Programs\Python\Python310\lib\site-packages\sqlalchemy\orm\session.py", line 4487, in _flush
    with util.safe_reraise():
  File "C:\Users\husain.burhanpurwala\AppData\Local\Programs\Python\Python310\lib\site-packages\sqlalchemy\util\langhelpers.py", line 146, in __exit__
    raise exc_value.with_traceback(exc_tb)
  File "C:\Users\husain.burhanpurwala\AppData\Local\Programs\Python\Python310\lib\site-packages\sqlalchemy\orm\session.py", line 4448, in _flush
    flush_context.execute()
  File "C:\Users\husain.burhanpurwala\AppData\Local\Programs\Python\Python310\lib\site-packages\sqlalchemy\orm\unitofwork.py", line 466, in execute
    rec.execute(self)
  File "C:\Users\husain.burhanpurwala\AppData\Local\Programs\Python\Python310\lib\site-packages\sqlalchemy\orm\unitofwork.py", line 642, in execute
    util.preloaded.orm_persistence.save_obj(
  File "C:\Users\husain.burhanpurwala\AppData\Local\Programs\Python\Python310\lib\site-packages\sqlalchemy\orm\persistence.py", line 76, in save_obj
    for table, mapper in base_mapper._sorted_tables.items():
  File "C:\Users\husain.burhanpurwala\AppData\Local\Programs\Python\Python310\lib\site-packages\sqlalchemy\util\langhelpers.py", line 1253, in __get__
    obj.__dict__[self.__name__] = result = self.fget(obj)
  File "C:\Users\husain.burhanpurwala\AppData\Local\Programs\Python\Python310\lib\site-packages\sqlalchemy\orm\mapper.py", line 4061, in _sorted_tables
    sorted_ = sql_util.sort_tables(
  File "C:\Users\husain.burhanpurwala\AppData\Local\Programs\Python\Python310\lib\site-packages\sqlalchemy\sql\ddl.py", line 1252, in sort_tables
    for (t, fkcs) in sort_tables_and_constraints(
  File "C:\Users\husain.burhanpurwala\AppData\Local\Programs\Python\Python310\lib\site-packages\sqlalchemy\sql\ddl.py", line 1322, in sort_tables_and_constraints
    filtered = filter_fn(fkc)
  File "C:\Users\husain.burhanpurwala\AppData\Local\Programs\Python\Python310\lib\site-packages\sqlalchemy\sql\ddl.py", line 1242, in _skip_fn
    if fixed_skip_fn(fk):
  File "C:\Users\husain.burhanpurwala\AppData\Local\Programs\Python\Python310\lib\site-packages\sqlalchemy\orm\mapper.py", line 4044, in skip
    dep = table_to_mapper.get(fk.column.table)
  File "C:\Users\husain.burhanpurwala\AppData\Local\Programs\Python\Python310\lib\site-packages\sqlalchemy\util\langhelpers.py", line 1141, in __get__
    obj.__dict__[self.__name__] = result = self.fget(obj)
  File "C:\Users\husain.burhanpurwala\AppData\Local\Programs\Python\Python310\lib\site-packages\sqlalchemy\sql\schema.py", line 3170, in column
    return self._resolve_column()
  File "C:\Users\husain.burhanpurwala\AppData\Local\Programs\Python\Python310\lib\site-packages\sqlalchemy\sql\schema.py", line 3193, in _resolve_column
    raise exc.NoReferencedTableError(
sqlalchemy.exc.NoReferencedTableError: Foreign key associated with column 'wishlists.user_id' could not find table 'users' with which to generate a foreign key to target column 'uid'

fromtend logs
Access to XMLHttpRequest at 'http://localhost:8003/api/v1/cart' from origin 'http://localhost:3000' has been blocked by CORS policy: No 'Access-Control-Allow-Origin' header is present on the requested resource.Understand this error
api.ts:151 ‚ùå Cart API Response Error: {status: undefined, statusText: undefined, data: undefined, message: 'Network Error'}
overrideMethod @ hook.js:608
window.console.error @ app-index.js:34
console.error @ hydration-error-info.js:41
eval @ api.ts:151
Promise.then
_request @ Axios.js:172
request @ Axios.js:49
Axios.<computed> @ Axios.js:220
wrap @ bind.js:9
getCart @ cartApi.ts:83
fetchCart @ CartContext.tsx:73
eval @ CartContext.tsx:195
commitHookEffectListMount @ react-dom.development.js:20998
commitHookPassiveMountEffects @ react-dom.development.js:23051
commitPassiveMountOnFiber @ react-dom.development.js:23156
recursivelyTraversePassiveMountEffects @ react-dom.development.js:23134
commitPassiveMountOnFiber @ react-dom.development.js:23267
recursivelyTraversePassiveMountEffects @ react-dom.development.js:23134
commitPassiveMountOnFiber @ react-dom.development.js:23267
recursivelyTraversePassiveMountEffects @ react-dom.development.js:23134
commitPassiveMountOnFiber @ react-dom.development.js:23267
recursivelyTraversePassiveMountEffects @ react-dom.development.js:23134
commitPassiveMountOnFiber @ react-dom.development.js:23267
recursivelyTraversePassiveMountEffects @ react-dom.development.js:23134
commitPassiveMountOnFiber @ react-dom.development.js:23153
recursivelyTraversePassiveMountEffects @ react-dom.development.js:23134
commitPassiveMountOnFiber @ react-dom.development.js:23267
recursivelyTraversePassiveMountEffects @ react-dom.development.js:23134
commitPassiveMountOnFiber @ react-dom.development.js:23153
recursivelyTraversePassiveMountEffects @ react-dom.development.js:23134
commitPassiveMountOnFiber @ react-dom.development.js:23153
recursivelyTraversePassiveMountEffects @ react-dom.development.js:23134
commitPassiveMountOnFiber @ react-dom.development.js:23267
recursivelyTraversePassiveMountEffects @ react-dom.development.js:23134
commitPassiveMountOnFiber @ react-dom.development.js:23153
recursivelyTraversePassiveMountEffects @ react-dom.development.js:23134
commitPassiveMountOnFiber @ react-dom.development.js:23267
recursivelyTraversePassiveMountEffects @ react-dom.development.js:23134
commitPassiveMountOnFiber @ react-dom.development.js:23267
recursivelyTraversePassiveMountEffects @ react-dom.development.js:23134
commitPassiveMountOnFiber @ react-dom.development.js:23267
recursivelyTraversePassiveMountEffects @ react-dom.development.js:23134
commitPassiveMountOnFiber @ react-dom.development.js:23267
recursivelyTraversePassiveMountEffects @ react-dom.development.js:23134
commitPassiveMountOnFiber @ react-dom.development.js:23267
recursivelyTraversePassiveMountEffects @ react-dom.development.js:23134
commitPassiveMountOnFiber @ react-dom.development.js:23153
recursivelyTraversePassiveMountEffects @ react-dom.development.js:23134
commitPassiveMountOnFiber @ react-dom.development.js:23267
recursivelyTraversePassiveMountEffects @ react-dom.development.js:23134
commitPassiveMountOnFiber @ react-dom.development.js:23153
recursivelyTraversePassiveMountEffects @ react-dom.development.js:23134
commitPassiveMountOnFiber @ react-dom.development.js:23153
recursivelyTraversePassiveMountEffects @ react-dom.development.js:23134
commitPassiveMountOnFiber @ react-dom.development.js:23153
recursivelyTraversePassiveMountEffects @ react-dom.development.js:23134
commitPassiveMountOnFiber @ react-dom.development.js:23153
recursivelyTraversePassiveMountEffects @ react-dom.development.js:23134
commitPassiveMountOnFiber @ react-dom.development.js:23153
recursivelyTraversePassiveMountEffects @ react-dom.development.js:23134
commitPassiveMountOnFiber @ react-dom.development.js:23267
recursivelyTraversePassiveMountEffects @ react-dom.development.js:23134
commitPassiveMountOnFiber @ react-dom.development.js:23267
recursivelyTraversePassiveMountEffects @ react-dom.development.js:23134
commitPassiveMountOnFiber @ react-dom.development.js:23267
recursivelyTraversePassiveMountEffects @ react-dom.development.js:23134
commitPassiveMountOnFiber @ react-dom.development.js:23164
commitPassiveMountEffects @ react-dom.development.js:23122
flushPassiveEffectsImpl @ react-dom.development.js:26322
flushPassiveEffects @ react-dom.development.js:26263
eval @ react-dom.development.js:26000
workLoop @ scheduler.development.js:261
flushWork @ scheduler.development.js:230
performWorkUntilDeadline @ scheduler.development.js:534Understand this error
CartContext.tsx:76 Failed to fetch cart: AxiosError¬†{message: 'Network Error', name: 'AxiosError', code: 'ERR_NETWORK', config: {‚Ä¶}, request: XMLHttpRequest,¬†‚Ä¶}
overrideMethod @ hook.js:608
window.console.error @ app-index.js:34
console.error @ hydration-error-info.js:41
fetchCart @ CartContext.tsx:76
await in fetchCart
eval @ CartContext.tsx:195
commitHookEffectListMount @ react-dom.development.js:20998
commitHookPassiveMountEffects @ react-dom.development.js:23051
commitPassiveMountOnFiber @ react-dom.development.js:23156
recursivelyTraversePassiveMountEffects @ react-dom.development.js:23134
commitPassiveMountOnFiber @ react-dom.development.js:23267
recursivelyTraversePassiveMountEffects @ react-dom.development.js:23134
commitPassiveMountOnFiber @ react-dom.development.js:23267
recursivelyTraversePassiveMountEffects @ react-dom.development.js:23134
commitPassiveMountOnFiber @ react-dom.development.js:23267
recursivelyTraversePassiveMountEffects @ react-dom.development.js:23134
commitPassiveMountOnFiber @ react-dom.development.js:23267
recursivelyTraversePassiveMountEffects @ react-dom.development.js:23134
commitPassiveMountOnFiber @ react-dom.development.js:23153
recursivelyTraversePassiveMountEffects @ react-dom.development.js:23134
commitPassiveMountOnFiber @ react-dom.development.js:23267
recursivelyTraversePassiveMountEffects @ react-dom.development.js:23134
commitPassiveMountOnFiber @ react-dom.development.js:23153
recursivelyTraversePassiveMountEffects @ react-dom.development.js:23134
commitPassiveMountOnFiber @ react-dom.development.js:23153
recursivelyTraversePassiveMountEffects @ react-dom.development.js:23134
commitPassiveMountOnFiber @ react-dom.development.js:23267
recursivelyTraversePassiveMountEffects @ react-dom.development.js:23134
commitPassiveMountOnFiber @ react-dom.development.js:23153
recursivelyTraversePassiveMountEffects @ react-dom.development.js:23134
commitPassiveMountOnFiber @ react-dom.development.js:23267
recursivelyTraversePassiveMountEffects @ react-dom.development.js:23134
commitPassiveMountOnFiber @ react-dom.development.js:23267
recursivelyTraversePassiveMountEffects @ react-dom.development.js:23134
commitPassiveMountOnFiber @ react-dom.development.js:23267
recursivelyTraversePassiveMountEffects @ react-dom.development.js:23134
commitPassiveMountOnFiber @ react-dom.development.js:23267
recursivelyTraversePassiveMountEffects @ react-dom.development.js:23134
commitPassiveMountOnFiber @ react-dom.development.js:23267
recursivelyTraversePassiveMountEffects @ react-dom.development.js:23134
commitPassiveMountOnFiber @ react-dom.development.js:23153
recursivelyTraversePassiveMountEffects @ react-dom.development.js:23134
commitPassiveMountOnFiber @ react-dom.development.js:23267
recursivelyTraversePassiveMountEffects @ react-dom.development.js:23134
commitPassiveMountOnFiber @ react-dom.development.js:23153
recursivelyTraversePassiveMountEffects @ react-dom.development.js:23134
commitPassiveMountOnFiber @ react-dom.development.js:23153
recursivelyTraversePassiveMountEffects @ react-dom.development.js:23134
commitPassiveMountOnFiber @ react-dom.development.js:23153
recursivelyTraversePassiveMountEffects @ react-dom.development.js:23134
commitPassiveMountOnFiber @ react-dom.development.js:23153
recursivelyTraversePassiveMountEffects @ react-dom.development.js:23134
commitPassiveMountOnFiber @ react-dom.development.js:23153
recursivelyTraversePassiveMountEffects @ react-dom.development.js:23134
commitPassiveMountOnFiber @ react-dom.development.js:23267
recursivelyTraversePassiveMountEffects @ react-dom.development.js:23134
commitPassiveMountOnFiber @ react-dom.development.js:23267
recursivelyTraversePassiveMountEffects @ react-dom.development.js:23134
commitPassiveMountOnFiber @ react-dom.development.js:23267
recursivelyTraversePassiveMountEffects @ react-dom.development.js:23134
commitPassiveMountOnFiber @ react-dom.development.js:23164
commitPassiveMountEffects @ react-dom.development.js:23122
flushPassiveEffectsImpl @ react-dom.development.js:26322
flushPassiveEffects @ react-dom.development.js:26263
eval @ react-dom.development.js:26000
workLoop @ scheduler.development.js:261
flushWork @ scheduler.development.js:230
performWorkUntilDeadline @ scheduler.development.js:534Understand this error
cartApi.ts:83  GET http://localhost:8003/api/v1/cart net::ERR_FAILED 500 (Internal Server Error)
dispatchXhrRequest @ xhr.js:209
xhr @ xhr.js:26
dispatchRequest @ dispatchRequest.js:61
Promise.then
_request @ Axios.js:172
request @ Axios.js:49
Axios.<computed> @ Axios.js:220
wrap @ bind.js:9
getCart @ cartApi.ts:83
fetchCart @ CartContext.tsx:73
eval @ CartContext.tsx:195
commitHookEffectListMount @ react-dom.development.js:20998
commitHookPassiveMountEffects @ react-dom.development.js:23051
commitPassiveMountOnFiber @ react-dom.development.js:23156
recursivelyTraversePassiveMountEffects @ react-dom.development.js:23134
commitPassiveMountOnFiber @ react-dom.development.js:23267
recursivelyTraversePassiveMountEffects @ react-dom.development.js:23134
commitPassiveMountOnFiber @ react-dom.development.js:23267
recursivelyTraversePassiveMountEffects @ react-dom.development.js:23134
commitPassiveMountOnFiber @ react-dom.development.js:23267
recursivelyTraversePassiveMountEffects @ react-dom.development.js:23134
commitPassiveMountOnFiber @ react-dom.development.js:23267
recursivelyTraversePassiveMountEffects @ react-dom.development.js:23134
commitPassiveMountOnFiber @ react-dom.development.js:23153
recursivelyTraversePassiveMountEffects @ react-dom.development.js:23134
commitPassiveMountOnFiber @ react-dom.development.js:23267
recursivelyTraversePassiveMountEffects @ react-dom.development.js:23134
commitPassiveMountOnFiber @ react-dom.development.js:23153
recursivelyTraversePassiveMountEffects @ react-dom.development.js:23134
commitPassiveMountOnFiber @ react-dom.development.js:23153
recursivelyTraversePassiveMountEffects @ react-dom.development.js:23134
commitPassiveMountOnFiber @ react-dom.development.js:23267
recursivelyTraversePassiveMountEffects @ react-dom.development.js:23134
commitPassiveMountOnFiber @ react-dom.development.js:23153
recursivelyTraversePassiveMountEffects @ react-dom.development.js:23134
commitPassiveMountOnFiber @ react-dom.development.js:23267
recursivelyTraversePassiveMountEffects @ react-dom.development.js:23134
commitPassiveMountOnFiber @ react-dom.development.js:23267
recursivelyTraversePassiveMountEffects @ react-dom.development.js:23134
commitPassiveMountOnFiber @ react-dom.development.js:23267
recursivelyTraversePassiveMountEffects @ react-dom.development.js:23134
commitPassiveMountOnFiber @ react-dom.development.js:23267
recursivelyTraversePassiveMountEffects @ react-dom.development.js:23134
commitPassiveMountOnFiber @ react-dom.development.js:23267
recursivelyTraversePassiveMountEffects @ react-dom.development.js:23134
commitPassiveMountOnFiber @ react-dom.development.js:23153
recursivelyTraversePassiveMountEffects @ react-dom.development.js:23134
commitPassiveMountOnFiber @ react-dom.development.js:23267
recursivelyTraversePassiveMountEffects @ react-dom.development.js:23134
commitPassiveMountOnFiber @ react-dom.development.js:23153
recursivelyTraversePassiveMountEffects @ react-dom.development.js:23134
commitPassiveMountOnFiber @ react-dom.development.js:23153
recursivelyTraversePassiveMountEffects @ react-dom.development.js:23134
commitPassiveMountOnFiber @ react-dom.development.js:23153
recursivelyTraversePassiveMountEffects @ react-dom.development.js:23134
commitPassiveMountOnFiber @ react-dom.development.js:23153
recursivelyTraversePassiveMountEffects @ react-dom.development.js:23134
commitPassiveMountOnFiber @ react-dom.development.js:23153
recursivelyTraversePassiveMountEffects @ react-dom.development.js:23134
commitPassiveMountOnFiber @ react-dom.development.js:23267
recursivelyTraversePassiveMountEffects @ react-dom.development.js:23134
commitPassiveMountOnFiber @ react-dom.development.js:23267
recursivelyTraversePassiveMountEffects @ react-dom.development.js:23134
commitPassiveMountOnFiber @ react-dom.development.js:23267
recursivelyTraversePassiveMountEffects @ react-dom.development.js:23134
commitPassiveMountOnFiber @ react-dom.development.js:23164
commitPassiveMountEffects @ react-dom.development.js:23122
flushPassiveEffectsImpl @ react-dom.development.js:26322
flushPassiveEffects @ react-dom.development.js:26263
eval @ react-dom.development.js:26000
workLoop @ scheduler.development.js:261
flushWork @ scheduler.development.js:230
performWorkUntilDeadline @ scheduler.development.js:534Understand this error
dashboard:1 Access to XMLHttpRequest at 'http://localhost:8003/api/v1/wishlist' from origin 'http://localhost:3000' has been blocked by CORS policy: No 'Access-Control-Allow-Origin' header is present on the requested resource.Understand this error
api.ts:151 ‚ùå Cart API Response Error: {status: undefined, statusText: undefined, data: undefined, message: 'Network Error'}
overrideMethod @ hook.js:608
window.console.error @ app-index.js:34
console.error @ hydration-error-info.js:41
eval @ api.ts:151
Promise.then
_request @ Axios.js:172
request @ Axios.js:49
Axios.<computed> @ Axios.js:220
wrap @ bind.js:9
getWishlist @ cartApi.ts:114
fetchWishlist @ CartContext.tsx:84
eval @ CartContext.tsx:196
commitHookEffectListMount @ react-dom.development.js:20998
commitHookPassiveMountEffects @ react-dom.development.js:23051
commitPassiveMountOnFiber @ react-dom.development.js:23156
recursivelyTraversePassiveMountEffects @ react-dom.development.js:23134
commitPassiveMountOnFiber @ react-dom.development.js:23267
recursivelyTraversePassiveMountEffects @ react-dom.development.js:23134
commitPassiveMountOnFiber @ react-dom.development.js:23267
recursivelyTraversePassiveMountEffects @ react-dom.development.js:23134
commitPassiveMountOnFiber @ react-dom.development.js:23267
recursivelyTraversePassiveMountEffects @ react-dom.development.js:23134
commitPassiveMountOnFiber @ react-dom.development.js:23267
recursivelyTraversePassiveMountEffects @ react-dom.development.js:23134
commitPassiveMountOnFiber @ react-dom.development.js:23153
recursivelyTraversePassiveMountEffects @ react-dom.development.js:23134
commitPassiveMountOnFiber @ react-dom.development.js:23267
recursivelyTraversePassiveMountEffects @ react-dom.development.js:23134
commitPassiveMountOnFiber @ react-dom.development.js:23153
recursivelyTraversePassiveMountEffects @ react-dom.development.js:23134
commitPassiveMountOnFiber @ react-dom.development.js:23153
recursivelyTraversePassiveMountEffects @ react-dom.development.js:23134
commitPassiveMountOnFiber @ react-dom.development.js:23267
recursivelyTraversePassiveMountEffects @ react-dom.development.js:23134
commitPassiveMountOnFiber @ react-dom.development.js:23153
recursivelyTraversePassiveMountEffects @ react-dom.development.js:23134
commitPassiveMountOnFiber @ react-dom.development.js:23267
recursivelyTraversePassiveMountEffects @ react-dom.development.js:23134
commitPassiveMountOnFiber @ react-dom.development.js:23267
recursivelyTraversePassiveMountEffects @ react-dom.development.js:23134
commitPassiveMountOnFiber @ react-dom.development.js:23267
recursivelyTraversePassiveMountEffects @ react-dom.development.js:23134
commitPassiveMountOnFiber @ react-dom.development.js:23267
recursivelyTraversePassiveMountEffects @ react-dom.development.js:23134
commitPassiveMountOnFiber @ react-dom.development.js:23267
recursivelyTraversePassiveMountEffects @ react-dom.development.js:23134
commitPassiveMountOnFiber @ react-dom.development.js:23153
recursivelyTraversePassiveMountEffects @ react-dom.development.js:23134
commitPassiveMountOnFiber @ react-dom.development.js:23267
recursivelyTraversePassiveMountEffects @ react-dom.development.js:23134
commitPassiveMountOnFiber @ react-dom.development.js:23153
recursivelyTraversePassiveMountEffects @ react-dom.development.js:23134
commitPassiveMountOnFiber @ react-dom.development.js:23153
recursivelyTraversePassiveMountEffects @ react-dom.development.js:23134
commitPassiveMountOnFiber @ react-dom.development.js:23153
recursivelyTraversePassiveMountEffects @ react-dom.development.js:23134
commitPassiveMountOnFiber @ react-dom.development.js:23153
recursivelyTraversePassiveMountEffects @ react-dom.development.js:23134
commitPassiveMountOnFiber @ react-dom.development.js:23153
recursivelyTraversePassiveMountEffects @ react-dom.development.js:23134
commitPassiveMountOnFiber @ react-dom.development.js:23267
recursivelyTraversePassiveMountEffects @ react-dom.development.js:23134
commitPassiveMountOnFiber @ react-dom.development.js:23267
recursivelyTraversePassiveMountEffects @ react-dom.development.js:23134
commitPassiveMountOnFiber @ react-dom.development.js:23267
recursivelyTraversePassiveMountEffects @ react-dom.development.js:23134
commitPassiveMountOnFiber @ react-dom.development.js:23164
commitPassiveMountEffects @ react-dom.development.js:23122
flushPassiveEffectsImpl @ react-dom.development.js:26322
flushPassiveEffects @ react-dom.development.js:26263
eval @ react-dom.development.js:26000
workLoop @ scheduler.development.js:261
flushWork @ scheduler.development.js:230
performWorkUntilDeadline @ scheduler.development.js:534Understand this error
CartContext.tsx:87 Failed to fetch wishlist: AxiosError¬†{message: 'Network Error', name: 'AxiosError', code: 'ERR_NETWORK', config: {‚Ä¶}, request: XMLHttpRequest,¬†‚Ä¶}
overrideMethod @ hook.js:608
window.console.error @ app-index.js:34
console.error @ hydration-error-info.js:41
fetchWishlist @ CartContext.tsx:87
await in fetchWishlist
eval @ CartContext.tsx:196
commitHookEffectListMount @ react-dom.development.js:20998
commitHookPassiveMountEffects @ react-dom.development.js:23051
commitPassiveMountOnFiber @ react-dom.development.js:23156
recursivelyTraversePassiveMountEffects @ react-dom.development.js:23134
commitPassiveMountOnFiber @ react-dom.development.js:23267
recursivelyTraversePassiveMountEffects @ react-dom.development.js:23134
commitPassiveMountOnFiber @ react-dom.development.js:23267
recursivelyTraversePassiveMountEffects @ react-dom.development.js:23134
commitPassiveMountOnFiber @ react-dom.development.js:23267
recursivelyTraversePassiveMountEffects @ react-dom.development.js:23134
commitPassiveMountOnFiber @ react-dom.development.js:23267
recursivelyTraversePassiveMountEffects @ react-dom.development.js:23134
commitPassiveMountOnFiber @ react-dom.development.js:23153
recursivelyTraversePassiveMountEffects @ react-dom.development.js:23134
commitPassiveMountOnFiber @ react-dom.development.js:23267
recursivelyTraversePassiveMountEffects @ react-dom.development.js:23134
commitPassiveMountOnFiber @ react-dom.development.js:23153
recursivelyTraversePassiveMountEffects @ react-dom.development.js:23134
commitPassiveMountOnFiber @ react-dom.development.js:23153
recursivelyTraversePassiveMountEffects @ react-dom.development.js:23134
commitPassiveMountOnFiber @ react-dom.development.js:23267
recursivelyTraversePassiveMountEffects @ react-dom.development.js:23134
commitPassiveMountOnFiber @ react-dom.development.js:23153
recursivelyTraversePassiveMountEffects @ react-dom.development.js:23134
commitPassiveMountOnFiber @ react-dom.development.js:23267
recursivelyTraversePassiveMountEffects @ react-dom.development.js:23134
commitPassiveMountOnFiber @ react-dom.development.js:23267
recursivelyTraversePassiveMountEffects @ react-dom.development.js:23134
commitPassiveMountOnFiber @ react-dom.development.js:23267
recursivelyTraversePassiveMountEffects @ react-dom.development.js:23134
commitPassiveMountOnFiber @ react-dom.development.js:23267
recursivelyTraversePassiveMountEffects @ react-dom.development.js:23134
commitPassiveMountOnFiber @ react-dom.development.js:23267
recursivelyTraversePassiveMountEffects @ react-dom.development.js:23134
commitPassiveMountOnFiber @ react-dom.development.js:23153
recursivelyTraversePassiveMountEffects @ react-dom.development.js:23134
commitPassiveMountOnFiber @ react-dom.development.js:23267
recursivelyTraversePassiveMountEffects @ react-dom.development.js:23134
commitPassiveMountOnFiber @ react-dom.development.js:23153
recursivelyTraversePassiveMountEffects @ react-dom.development.js:23134
commitPassiveMountOnFiber @ react-dom.development.js:23153
recursivelyTraversePassiveMountEffects @ react-dom.development.js:23134
commitPassiveMountOnFiber @ react-dom.development.js:23153
recursivelyTraversePassiveMountEffects @ react-dom.development.js:23134
commitPassiveMountOnFiber @ react-dom.development.js:23153
recursivelyTraversePassiveMountEffects @ react-dom.development.js:23134
commitPassiveMountOnFiber @ react-dom.development.js:23153
recursivelyTraversePassiveMountEffects @ react-dom.development.js:23134
commitPassiveMountOnFiber @ react-dom.development.js:23267
recursivelyTraversePassiveMountEffects @ react-dom.development.js:23134
commitPassiveMountOnFiber @ react-dom.development.js:23267
recursivelyTraversePassiveMountEffects @ react-dom.development.js:23134
commitPassiveMountOnFiber @ react-dom.development.js:23267
recursivelyTraversePassiveMountEffects @ react-dom.development.js:23134
commitPassiveMountOnFiber @ react-dom.development.js:23164
commitPassiveMountEffects @ react-dom.development.js:23122
flushPassiveEffectsImpl @ react-dom.development.js:26322
flushPassiveEffects @ react-dom.development.js:26263
eval @ react-dom.development.js:26000
workLoop @ scheduler.development.js:261
flushWork @ scheduler.development.js:230
performWorkUntilDeadline @ scheduler.development.js:534Understand this error
cartApi.ts:114  GET http://localhost:8003/api/v1/wishlist net::ERR_FAILED 500 (Internal Server Error)
dispatchXhrRequest @ xhr.js:209
xhr @ xhr.js:26
dispatchRequest @ dispatchRequest.js:61
Promise.then
_request @ Axios.js:172
request @ Axios.js:49
Axios.<computed> @ Axios.js:220
wrap @ bind.js:9
getWishlist @ cartApi.ts:114
fetchWishlist @ CartContext.tsx:84
eval @ CartContext.tsx:196
commitHookEffectListMount @ react-dom.development.js:20998
commitHookPassiveMountEffects @ react-dom.development.js:23051
commitPassiveMountOnFiber @ react-dom.development.js:23156
recursivelyTraversePassiveMountEffects @ react-dom.development.js:23134
commitPassiveMountOnFiber @ react-dom.development.js:23267
recursivelyTraversePassiveMountEffects @ react-dom.development.js:23134
commitPassiveMountOnFiber @ react-dom.development.js:23267
recursivelyTraversePassiveMountEffects @ react-dom.development.js:23134
commitPassiveMountOnFiber @ react-dom.development.js:23267
recursivelyTraversePassiveMountEffects @ react-dom.development.js:23134
commitPassiveMountOnFiber @ react-dom.development.js:23267
recursivelyTraversePassiveMountEffects @ react-dom.development.js:23134
commitPassiveMountOnFiber @ react-dom.development.js:23153
recursivelyTraversePassiveMountEffects @ react-dom.development.js:23134
commitPassiveMountOnFiber @ react-dom.development.js:23267
recursivelyTraversePassiveMountEffects @ react-dom.development.js:23134
commitPassiveMountOnFiber @ react-dom.development.js:23153
recursivelyTraversePassiveMountEffects @ react-dom.development.js:23134
commitPassiveMountOnFiber @ react-dom.development.js:23153
recursivelyTraversePassiveMountEffects @ react-dom.development.js:23134
commitPassiveMountOnFiber @ react-dom.development.js:23267
recursivelyTraversePassiveMountEffects @ react-dom.development.js:23134
commitPassiveMountOnFiber @ react-dom.development.js:23153
recursivelyTraversePassiveMountEffects @ react-dom.development.js:23134
commitPassiveMountOnFiber @ react-dom.development.js:23267
recursivelyTraversePassiveMountEffects @ react-dom.development.js:23134
commitPassiveMountOnFiber @ react-dom.development.js:23267
recursivelyTraversePassiveMountEffects @ react-dom.development.js:23134
commitPassiveMountOnFiber @ react-dom.development.js:23267
recursivelyTraversePassiveMountEffects @ react-dom.development.js:23134
commitPassiveMountOnFiber @ react-dom.development.js:23267
recursivelyTraversePassiveMountEffects @ react-dom.development.js:23134
commitPassiveMountOnFiber @ react-dom.development.js:23267
recursivelyTraversePassiveMountEffects @ react-dom.development.js:23134
commitPassiveMountOnFiber @ react-dom.development.js:23153
recursivelyTraversePassiveMountEffects @ react-dom.development.js:23134
commitPassiveMountOnFiber @ react-dom.development.js:23267
recursivelyTraversePassiveMountEffects @ react-dom.development.js:23134
commitPassiveMountOnFiber @ react-dom.development.js:23153
recursivelyTraversePassiveMountEffects @ react-dom.development.js:23134
commitPassiveMountOnFiber @ react-dom.development.js:23153
recursivelyTraversePassiveMountEffects @ react-dom.development.js:23134
commitPassiveMountOnFiber @ react-dom.development.js:23153
recursivelyTraversePassiveMountEffects @ react-dom.development.js:23134
commitPassiveMountOnFiber @ react-dom.development.js:23153
recursivelyTraversePassiveMountEffects @ react-dom.development.js:23134
commitPassiveMountOnFiber @ react-dom.development.js:23153
recursivelyTraversePassiveMountEffects @ react-dom.development.js:23134
commitPassiveMountOnFiber @ react-dom.development.js:23267
recursivelyTraversePassiveMountEffects @ react-dom.development.js:23134
commitPassiveMountOnFiber @ react-dom.development.js:23267
recursivelyTraversePassiveMountEffects @ react-dom.development.js:23134
commitPassiveMountOnFiber @ react-dom.development.js:23267
recursivelyTraversePassiveMountEffects @ react-dom.development.js:23134
commitPassiveMountOnFiber @ react-dom.development.js:23164
commitPassiveMountEffects @ react-dom.development.js:23122
flushPassiveEffectsImpl @ react-dom.development.js:26322
flushPassiveEffects @ react-dom.development.js:26263
eval @ react-dom.development.js:26000
workLoop @ scheduler.development.js:261
flushWork @ scheduler.development.js:230
performWorkUntilDeadline @ scheduler.development.js:534Understand this error
dashboard:1 Access to XMLHttpRequest at 'http://localhost:8003/api/v1/cart' from origin 'http://localhost:3000' has been blocked by CORS policy: No 'Access-Control-Allow-Origin' header is present on the requested resource.Understand this error
api.ts:151 ‚ùå Cart API Response Error: {status: undefined, statusText: undefined, data: undefined, message: 'Network Error'}
overrideMethod @ hook.js:608
window.console.error @ app-index.js:34
console.error @ hydration-error-info.js:41
eval @ api.ts:151
Promise.then
_request @ Axios.js:172
request @ Axios.js:49
Axios.<computed> @ Axios.js:220
wrap @ bind.js:9
getCart @ cartApi.ts:83
fetchCart @ CartContext.tsx:73
eval @ CartContext.tsx:195
commitHookEffectListMount @ react-dom.development.js:20998
invokePassiveEffectMountInDEV @ react-dom.development.js:23877
invokeEffectsInDev @ react-dom.development.js:26666
legacyCommitDoubleInvokeEffectsInDEV @ react-dom.development.js:26649
commitDoubleInvokeEffectsInDEV @ react-dom.development.js:26630
flushPassiveEffectsImpl @ react-dom.development.js:26339
flushPassiveEffects @ react-dom.development.js:26263
eval @ react-dom.development.js:26000
workLoop @ scheduler.development.js:261
flushWork @ scheduler.development.js:230
performWorkUntilDeadline @ scheduler.development.js:534Understand this error
CartContext.tsx:76 Failed to fetch cart: AxiosError¬†{message: 'Network Error', name: 'AxiosError', code: 'ERR_NETWORK', config: {‚Ä¶}, request: XMLHttpRequest,¬†‚Ä¶}
overrideMethod @ hook.js:608
window.console.error @ app-index.js:34
console.error @ hydration-error-info.js:41
fetchCart @ CartContext.tsx:76
await in fetchCart
eval @ CartContext.tsx:195
commitHookEffectListMount @ react-dom.development.js:20998
invokePassiveEffectMountInDEV @ react-dom.development.js:23877
invokeEffectsInDev @ react-dom.development.js:26666
legacyCommitDoubleInvokeEffectsInDEV @ react-dom.development.js:26649
commitDoubleInvokeEffectsInDEV @ react-dom.development.js:26630
flushPassiveEffectsImpl @ react-dom.development.js:26339
flushPassiveEffects @ react-dom.development.js:26263
eval @ react-dom.development.js:26000
workLoop @ scheduler.development.js:261
flushWork @ scheduler.development.js:230
performWorkUntilDeadline @ scheduler.development.js:534Understand this error
cartApi.ts:83  GET http://localhost:8003/api/v1/cart net::ERR_FAILED 500 (Internal Server Error)
dispatchXhrRequest @ xhr.js:209
xhr @ xhr.js:26
dispatchRequest @ dispatchRequest.js:61
Promise.then
_request @ Axios.js:172
request @ Axios.js:49
Axios.<computed> @ Axios.js:220
wrap @ bind.js:9
getCart @ cartApi.ts:83
fetchCart @ CartContext.tsx:73
eval @ CartContext.tsx:195
commitHookEffectListMount @ react-dom.development.js:20998
invokePassiveEffectMountInDEV @ react-dom.development.js:23877
invokeEffectsInDev @ react-dom.development.js:26666
legacyCommitDoubleInvokeEffectsInDEV @ react-dom.development.js:26649
commitDoubleInvokeEffectsInDEV @ react-dom.development.js:26630
flushPassiveEffectsImpl @ react-dom.development.js:26339
flushPassiveEffects @ react-dom.development.js:26263
eval @ react-dom.development.js:26000
workLoop @ scheduler.development.js:261
flushWork @ scheduler.development.js:230
performWorkUntilDeadline @ scheduler.development.js:534Understand this error
dashboard:1 Access to XMLHttpRequest at 'http://localhost:8003/api/v1/wishlist' from origin 'http://localhost:3000' has been blocked by CORS policy: No 'Access-Control-Allow-Origin' header is present on the requested resource.Understand this error
api.ts:151 ‚ùå Cart API Response Error: {status: undefined, statusText: undefined, data: undefined, message: 'Network Error'}
overrideMethod @ hook.js:608
window.console.error @ app-index.js:34
console.error @ hydration-error-info.js:41
eval @ api.ts:151
Promise.then
_request @ Axios.js:172
request @ Axios.js:49
Axios.<computed> @ Axios.js:220
wrap @ bind.js:9
getWishlist @ cartApi.ts:114
fetchWishlist @ CartContext.tsx:84
eval @ CartContext.tsx:196
commitHookEffectListMount @ react-dom.development.js:20998
invokePassiveEffectMountInDEV @ react-dom.development.js:23877
invokeEffectsInDev @ react-dom.development.js:26666
legacyCommitDoubleInvokeEffectsInDEV @ react-dom.development.js:26649
commitDoubleInvokeEffectsInDEV @ react-dom.development.js:26630
flushPassiveEffectsImpl @ react-dom.development.js:26339
flushPassiveEffects @ react-dom.development.js:26263
eval @ react-dom.development.js:26000
workLoop @ scheduler.development.js:261
flushWork @ scheduler.development.js:230
performWorkUntilDeadline @ scheduler.development.js:534Understand this error
CartContext.tsx:87 Failed to fetch wishlist: AxiosError¬†{message: 'Network Error', name: 'AxiosError', code: 'ERR_NETWORK', config: {‚Ä¶}, request: XMLHttpRequest,¬†‚Ä¶}
overrideMethod @ hook.js:608
window.console.error @ app-index.js:34
console.error @ hydration-error-info.js:41
fetchWishlist @ CartContext.tsx:87
await in fetchWishlist
eval @ CartContext.tsx:196
commitHookEffectListMount @ react-dom.development.js:20998
invokePassiveEffectMountInDEV @ react-dom.development.js:23877
invokeEffectsInDev @ react-dom.development.js:26666
legacyCommitDoubleInvokeEffectsInDEV @ react-dom.development.js:26649
commitDoubleInvokeEffectsInDEV @ react-dom.development.js:26630
flushPassiveEffectsImpl @ react-dom.development.js:26339
flushPassiveEffects @ react-dom.development.js:26263
eval @ react-dom.development.js:26000
workLoop @ scheduler.development.js:261
flushWork @ scheduler.development.js:230
performWorkUntilDeadline @ scheduler.development.js:534Understand this error
cartApi.ts:114  GET http://localhost:8003/api/v1/wishlist net::ERR_FAILED 500 (Internal Server Error)
dispatchXhrRequest @ xhr.js:209
xhr @ xhr.js:26
dispatchRequest @ dispatchRequest.js:61
Promise.then
_request @ Axios.js:172
request @ Axios.js:49
Axios.<computed> @ Axios.js:220
wrap @ bind.js:9
getWishlist @ cartApi.ts:114
fetchWishlist @ CartContext.tsx:84
eval @ CartContext.tsx:196
commitHookEffectListMount @ react-dom.development.js:20998
invokePassiveEffectMountInDEV @ react-dom.development.js:23877
invokeEffectsInDev @ react-dom.development.js:26666
legacyCommitDoubleInvokeEffectsInDEV @ react-dom.development.js:26649
commitDoubleInvokeEffectsInDEV @ react-dom.development.js:26630
flushPassiveEffectsImpl @ react-dom.development.js:26339
flushPassiveEffects @ react-dom.development.js:26263
eval @ react-dom.development.js:26000
workLoop @ scheduler.development.js:261
flushWork @ scheduler.development.js:230
performWorkUntilDeadline @ scheduler.development.js:534Understand this error